{"C:\\Cloud\\Projects\\bechara\\bechara-nestjs-orm\\source\\orm\\orm.dto.ts": {"path":"C:\\Cloud\\Projects\\bechara\\bechara-nestjs-orm\\source\\orm\\orm.dto.ts","statementMap":{"0":{"start":{"line":1,"column":0},"end":{"line":1,"column":138}},"1":{"start":{"line":3,"column":0},"end":{"line":3,"column":43}},"2":{"start":{"line":9,"column":2},"end":{"line":9,"column":null}},"3":{"start":{"line":13,"column":2},"end":{"line":13,"column":null}},"4":{"start":{"line":18,"column":2},"end":{"line":18,"column":null}},"5":{"start":{"line":23,"column":2},"end":{"line":23,"column":null}},"6":{"start":{"line":28,"column":2},"end":{"line":28,"column":null}},"7":{"start":{"line":5,"column":0},"end":{"line":5,"column":13}},"8":{"start":{"line":35,"column":2},"end":{"line":35,"column":null}},"9":{"start":{"line":38,"column":2},"end":{"line":38,"column":null}},"10":{"start":{"line":41,"column":2},"end":{"line":41,"column":null}},"11":{"start":{"line":44,"column":2},"end":{"line":44,"column":null}},"12":{"start":{"line":47,"column":2},"end":{"line":47,"column":null}},"13":{"start":{"line":50,"column":2},"end":{"line":50,"column":null}},"14":{"start":{"line":32,"column":0},"end":{"line":32,"column":13}}},"fnMap":{},"branchMap":{},"s":{"0":1,"1":1,"2":1,"3":1,"4":1,"5":1,"6":1,"7":1,"8":1,"9":1,"10":1,"11":1,"12":1,"13":1,"14":1},"f":{},"b":{}}
,"C:\\Cloud\\Projects\\bechara\\bechara-nestjs-orm\\source\\orm\\orm.entity.ts": {"path":"C:\\Cloud\\Projects\\bechara\\bechara-nestjs-orm\\source\\orm\\orm.entity.ts","statementMap":{"0":{"start":{"line":1,"column":0},"end":{"line":1,"column":72}},"1":{"start":{"line":2,"column":0},"end":{"line":2,"column":91}},"2":{"start":{"line":11,"column":4},"end":{"line":11,"column":18}},"3":{"start":{"line":21,"column":19},"end":{"line":21,"column":53}},"4":{"start":{"line":22,"column":4},"end":{"line":22,"column":44}},"5":{"start":{"line":4,"column":0},"end":{"line":4,"column":22}},"6":{"start":{"line":31,"column":2},"end":{"line":31,"column":null}},"7":{"start":{"line":27,"column":0},"end":{"line":27,"column":22}},"8":{"start":{"line":39,"column":2},"end":{"line":39,"column":null}},"9":{"start":{"line":35,"column":0},"end":{"line":35,"column":22}},"10":{"start":{"line":47,"column":9},"end":{"line":47,"column":31}},"11":{"start":{"line":47,"column":2},"end":{"line":47,"column":null}},"12":{"start":{"line":43,"column":0},"end":{"line":43,"column":22}},"13":{"start":{"line":56,"column":9},"end":{"line":56,"column":36}},"14":{"start":{"line":61,"column":9},"end":{"line":61,"column":36}},"15":{"start":{"line":56,"column":2},"end":{"line":56,"column":null}},"16":{"start":{"line":54,"column":55},"end":{"line":54,"column":65}},"17":{"start":{"line":61,"column":2},"end":{"line":61,"column":null}},"18":{"start":{"line":51,"column":0},"end":{"line":51,"column":22}},"19":{"start":{"line":69,"column":2},"end":{"line":69,"column":null}},"20":{"start":{"line":65,"column":0},"end":{"line":65,"column":22}},"21":{"start":{"line":77,"column":2},"end":{"line":77,"column":null}},"22":{"start":{"line":73,"column":0},"end":{"line":73,"column":22}},"23":{"start":{"line":85,"column":9},"end":{"line":85,"column":31}},"24":{"start":{"line":85,"column":2},"end":{"line":85,"column":null}},"25":{"start":{"line":81,"column":0},"end":{"line":81,"column":22}}},"fnMap":{"0":{"name":"(anonymous_2)","decl":{"start":{"line":10,"column":12},"end":{"line":10,"column":31}},"loc":{"start":{"line":10,"column":43},"end":{"line":12,"column":3}}},"1":{"name":"(anonymous_3)","decl":{"start":{"line":19,"column":9},"end":{"line":19,"column":15}},"loc":{"start":{"line":19,"column":30},"end":{"line":23,"column":3}}},"2":{"name":"(anonymous_4)","decl":{"start":{"line":43,"column":0},"end":{"line":43,"column":22}},"loc":{"start":{"line":43,"column":0},"end":{"line":49,"column":1}}},"3":{"name":"(anonymous_5)","decl":{"start":{"line":51,"column":0},"end":{"line":51,"column":22}},"loc":{"start":{"line":51,"column":0},"end":{"line":63,"column":1}}},"4":{"name":"(anonymous_6)","decl":{"start":{"line":54,"column":49},"end":{"line":54,"column":52}},"loc":{"start":{"line":54,"column":55},"end":{"line":54,"column":65}}},"5":{"name":"(anonymous_7)","decl":{"start":{"line":81,"column":0},"end":{"line":81,"column":22}},"loc":{"start":{"line":81,"column":0},"end":{"line":87,"column":1}}}},"branchMap":{},"s":{"0":1,"1":1,"2":12,"3":12,"4":12,"5":1,"6":1,"7":1,"8":1,"9":1,"10":0,"11":1,"12":1,"13":14,"14":14,"15":1,"16":2,"17":1,"18":1,"19":1,"20":1,"21":1,"22":1,"23":14,"24":1,"25":1},"f":{"0":12,"1":12,"2":0,"3":14,"4":2,"5":14},"b":{}}
,"C:\\Cloud\\Projects\\bechara\\bechara-nestjs-orm\\source\\orm\\orm.enum.ts": {"path":"C:\\Cloud\\Projects\\bechara\\bechara-nestjs-orm\\source\\orm\\orm.enum.ts","statementMap":{"0":{"start":{"line":1,"column":0},"end":{"line":1,"column":null}},"1":{"start":{"line":2,"column":2},"end":{"line":2,"column":null}},"2":{"start":{"line":3,"column":2},"end":{"line":3,"column":null}},"3":{"start":{"line":6,"column":0},"end":{"line":6,"column":null}},"4":{"start":{"line":7,"column":2},"end":{"line":7,"column":null}},"5":{"start":{"line":8,"column":2},"end":{"line":8,"column":null}},"6":{"start":{"line":9,"column":2},"end":{"line":9,"column":null}},"7":{"start":{"line":12,"column":0},"end":{"line":12,"column":null}},"8":{"start":{"line":13,"column":2},"end":{"line":13,"column":null}},"9":{"start":{"line":14,"column":2},"end":{"line":14,"column":null}}},"fnMap":{"0":{"name":"(anonymous_0)","decl":{"start":{"line":1,"column":0},"end":{"line":1,"column":12}},"loc":{"start":{"line":1,"column":23},"end":{"line":4,"column":1}}},"1":{"name":"(anonymous_1)","decl":{"start":{"line":6,"column":0},"end":{"line":6,"column":12}},"loc":{"start":{"line":6,"column":29},"end":{"line":10,"column":1}}},"2":{"name":"(anonymous_2)","decl":{"start":{"line":12,"column":0},"end":{"line":12,"column":12}},"loc":{"start":{"line":12,"column":25},"end":{"line":15,"column":1}}}},"branchMap":{"0":{"loc":{"start":{"line":1,"column":12},"end":{"line":1,"column":null}},"type":"binary-expr","locations":[{"start":{"line":1,"column":12},"end":{"line":1,"column":23}},{"start":{"line":1,"column":12},"end":{"line":1,"column":null}}]},"1":{"loc":{"start":{"line":6,"column":12},"end":{"line":6,"column":null}},"type":"binary-expr","locations":[{"start":{"line":6,"column":12},"end":{"line":6,"column":29}},{"start":{"line":6,"column":12},"end":{"line":6,"column":null}}]},"2":{"loc":{"start":{"line":12,"column":12},"end":{"line":12,"column":null}},"type":"binary-expr","locations":[{"start":{"line":12,"column":12},"end":{"line":12,"column":25}},{"start":{"line":12,"column":12},"end":{"line":12,"column":null}}]}},"s":{"0":1,"1":1,"2":1,"3":1,"4":1,"5":1,"6":1,"7":1,"8":1,"9":1},"f":{"0":1,"1":1,"2":1},"b":{"0":[1,1],"1":[1,1],"2":[1,1]}}
,"C:\\Cloud\\Projects\\bechara\\bechara-nestjs-orm\\source\\orm\\orm.interceptor.ts": {"path":"C:\\Cloud\\Projects\\bechara\\bechara-nestjs-orm\\source\\orm\\orm.interceptor.ts","statementMap":{"0":{"start":{"line":1,"column":0},"end":{"line":1,"column":124}},"1":{"start":{"line":2,"column":0},"end":{"line":2,"column":43}},"2":{"start":{"line":4,"column":0},"end":{"line":4,"column":41}},"3":{"start":{"line":5,"column":0},"end":{"line":5,"column":73}},"4":{"start":{"line":8,"column":0},"end":{"line":129,"column":null}},"5":{"start":{"line":11,"column":21},"end":{"line":11,"column":31}},"6":{"start":{"line":12,"column":21},"end":{"line":12,"column":37}},"7":{"start":{"line":25,"column":18},"end":{"line":25,"column":48}},"8":{"start":{"line":26,"column":26},"end":{"line":26,"column":82}},"9":{"start":{"line":27,"column":4},"end":{"line":27,"column":57}},"10":{"start":{"line":29,"column":4},"end":{"line":36,"column":8}},"11":{"start":{"line":33,"column":10},"end":{"line":33,"column":49}},"12":{"start":{"line":34,"column":10},"end":{"line":34,"column":46}},"13":{"start":{"line":46,"column":26},"end":{"line":46,"column":63}},"14":{"start":{"line":48,"column":4},"end":{"line":60,"column":null}},"15":{"start":{"line":49,"column":6},"end":{"line":59,"column":null}},"16":{"start":{"line":50,"column":30},"end":{"line":50,"column":67}},"17":{"start":{"line":51,"column":8},"end":{"line":51,"column":36}},"18":{"start":{"line":54,"column":8},"end":{"line":58,"column":11}},"19":{"start":{"line":55,"column":31},"end":{"line":55,"column":72}},"20":{"start":{"line":69,"column":4},"end":{"line":69,"column":22}},"21":{"start":{"line":69,"column":15},"end":{"line":69,"column":22}},"22":{"start":{"line":72,"column":4},"end":{"line":96,"column":null}},"23":{"start":{"line":73,"column":6},"end":{"line":73,"column":57}},"24":{"start":{"line":73,"column":29},"end":{"line":73,"column":55}},"25":{"start":{"line":75,"column":6},"end":{"line":78,"column":null}},"26":{"start":{"line":76,"column":23},"end":{"line":76,"column":56}},"27":{"start":{"line":77,"column":8},"end":{"line":77,"column":50}},"28":{"start":{"line":82,"column":9},"end":{"line":96,"column":null}},"29":{"start":{"line":83,"column":6},"end":{"line":83,"column":73}},"30":{"start":{"line":83,"column":45},"end":{"line":83,"column":71}},"31":{"start":{"line":85,"column":6},"end":{"line":88,"column":null}},"32":{"start":{"line":86,"column":23},"end":{"line":86,"column":56}},"33":{"start":{"line":87,"column":8},"end":{"line":87,"column":50}},"34":{"start":{"line":92,"column":9},"end":{"line":96,"column":null}},"35":{"start":{"line":93,"column":6},"end":{"line":93,"column":27}},"36":{"start":{"line":94,"column":21},"end":{"line":94,"column":50}},"37":{"start":{"line":95,"column":6},"end":{"line":95,"column":44}},"38":{"start":{"line":98,"column":4},"end":{"line":98,"column":16}},"39":{"start":{"line":107,"column":4},"end":{"line":107,"column":63}},"40":{"start":{"line":107,"column":56},"end":{"line":107,"column":63}},"41":{"start":{"line":109,"column":4},"end":{"line":115,"column":null}},"42":{"start":{"line":110,"column":6},"end":{"line":112,"column":null}},"43":{"start":{"line":111,"column":8},"end":{"line":111,"column":52}},"44":{"start":{"line":114,"column":6},"end":{"line":114,"column":13}},"45":{"start":{"line":117,"column":4},"end":{"line":126,"column":null}},"46":{"start":{"line":118,"column":6},"end":{"line":118,"column":33}},"47":{"start":{"line":118,"column":24},"end":{"line":118,"column":33}},"48":{"start":{"line":120,"column":6},"end":{"line":125,"column":null}},"49":{"start":{"line":121,"column":8},"end":{"line":121,"column":25}},"50":{"start":{"line":123,"column":11},"end":{"line":125,"column":null}},"51":{"start":{"line":124,"column":8},"end":{"line":124,"column":53}},"52":{"start":{"line":8,"column":13},"end":{"line":129,"column":null}},"53":{"start":{"line":8,"column":13},"end":{"line":8,"column":27}}},"fnMap":{"0":{"name":"(anonymous_2)","decl":{"start":{"line":10,"column":2},"end":{"line":10,"column":null}},"loc":{"start":{"line":12,"column":51},"end":{"line":13,"column":7}}},"1":{"name":"(anonymous_3)","decl":{"start":{"line":24,"column":9},"end":{"line":24,"column":18}},"loc":{"start":{"line":24,"column":63},"end":{"line":37,"column":3}}},"2":{"name":"(anonymous_4)","decl":{"start":{"line":32,"column":17},"end":{"line":32,"column":22}},"loc":{"start":{"line":32,"column":32},"end":{"line":35,"column":9}}},"3":{"name":"(anonymous_5)","decl":{"start":{"line":45,"column":10},"end":{"line":45,"column":15}},"loc":{"start":{"line":45,"column":73},"end":{"line":61,"column":3}}},"4":{"name":"(anonymous_6)","decl":{"start":{"line":55,"column":18},"end":{"line":55,"column":19}},"loc":{"start":{"line":55,"column":31},"end":{"line":55,"column":72}}},"5":{"name":"(anonymous_7)","decl":{"start":{"line":68,"column":10},"end":{"line":68,"column":27}},"loc":{"start":{"line":68,"column":37},"end":{"line":99,"column":3}}},"6":{"name":"(anonymous_8)","decl":{"start":{"line":73,"column":22},"end":{"line":73,"column":23}},"loc":{"start":{"line":73,"column":29},"end":{"line":73,"column":55}}},"7":{"name":"(anonymous_9)","decl":{"start":{"line":83,"column":38},"end":{"line":83,"column":39}},"loc":{"start":{"line":83,"column":45},"end":{"line":83,"column":71}}},"8":{"name":"(anonymous_10)","decl":{"start":{"line":106,"column":10},"end":{"line":106,"column":28}},"loc":{"start":{"line":106,"column":65},"end":{"line":127,"column":3}}}},"branchMap":{"0":{"loc":{"start":{"line":45,"column":62},"end":{"line":45,"column":73}},"type":"default-arg","locations":[{"start":{"line":45,"column":72},"end":{"line":45,"column":73}}]},"1":{"loc":{"start":{"line":48,"column":4},"end":{"line":60,"column":null}},"type":"if","locations":[{"start":{"line":48,"column":4},"end":{"line":60,"column":null}}]},"2":{"loc":{"start":{"line":69,"column":4},"end":{"line":69,"column":22}},"type":"if","locations":[{"start":{"line":69,"column":4},"end":{"line":69,"column":22}}]},"3":{"loc":{"start":{"line":72,"column":4},"end":{"line":96,"column":null}},"type":"if","locations":[{"start":{"line":72,"column":4},"end":{"line":96,"column":null}},{"start":{"line":82,"column":9},"end":{"line":96,"column":null}}]},"4":{"loc":{"start":{"line":73,"column":29},"end":{"line":73,"column":55}},"type":"cond-expr","locations":[{"start":{"line":73,"column":41},"end":{"line":73,"column":51}},{"start":{"line":73,"column":54},"end":{"line":73,"column":55}}]},"5":{"loc":{"start":{"line":82,"column":9},"end":{"line":96,"column":null}},"type":"if","locations":[{"start":{"line":82,"column":9},"end":{"line":96,"column":null}},{"start":{"line":92,"column":9},"end":{"line":96,"column":null}}]},"6":{"loc":{"start":{"line":82,"column":13},"end":{"line":82,"column":56}},"type":"binary-expr","locations":[{"start":{"line":82,"column":13},"end":{"line":82,"column":25}},{"start":{"line":82,"column":29},"end":{"line":82,"column":56}}]},"7":{"loc":{"start":{"line":83,"column":45},"end":{"line":83,"column":71}},"type":"cond-expr","locations":[{"start":{"line":83,"column":57},"end":{"line":83,"column":67}},{"start":{"line":83,"column":70},"end":{"line":83,"column":71}}]},"8":{"loc":{"start":{"line":92,"column":9},"end":{"line":96,"column":null}},"type":"if","locations":[{"start":{"line":92,"column":9},"end":{"line":96,"column":null}}]},"9":{"loc":{"start":{"line":107,"column":4},"end":{"line":107,"column":63}},"type":"if","locations":[{"start":{"line":107,"column":4},"end":{"line":107,"column":63}}]},"10":{"loc":{"start":{"line":107,"column":8},"end":{"line":107,"column":54}},"type":"binary-expr","locations":[{"start":{"line":107,"column":8},"end":{"line":107,"column":13}},{"start":{"line":107,"column":17},"end":{"line":107,"column":26}},{"start":{"line":107,"column":30},"end":{"line":107,"column":54}}]},"11":{"loc":{"start":{"line":109,"column":4},"end":{"line":115,"column":null}},"type":"if","locations":[{"start":{"line":109,"column":4},"end":{"line":115,"column":null}}]},"12":{"loc":{"start":{"line":118,"column":6},"end":{"line":118,"column":33}},"type":"if","locations":[{"start":{"line":118,"column":6},"end":{"line":118,"column":33}}]},"13":{"loc":{"start":{"line":120,"column":6},"end":{"line":125,"column":null}},"type":"if","locations":[{"start":{"line":120,"column":6},"end":{"line":125,"column":null}},{"start":{"line":123,"column":11},"end":{"line":125,"column":null}}]},"14":{"loc":{"start":{"line":120,"column":10},"end":{"line":120,"column":62}},"type":"binary-expr","locations":[{"start":{"line":120,"column":10},"end":{"line":120,"column":32}},{"start":{"line":120,"column":36},"end":{"line":120,"column":62}}]},"15":{"loc":{"start":{"line":123,"column":11},"end":{"line":125,"column":null}},"type":"if","locations":[{"start":{"line":123,"column":11},"end":{"line":125,"column":null}}]}},"s":{"0":1,"1":1,"2":1,"3":1,"4":1,"5":1,"6":1,"7":0,"8":0,"9":0,"10":0,"11":0,"12":0,"13":0,"14":0,"15":0,"16":0,"17":0,"18":0,"19":0,"20":0,"21":0,"22":0,"23":0,"24":0,"25":0,"26":0,"27":0,"28":0,"29":0,"30":0,"31":0,"32":0,"33":0,"34":0,"35":0,"36":0,"37":0,"38":0,"39":0,"40":0,"41":0,"42":0,"43":0,"44":0,"45":0,"46":0,"47":0,"48":0,"49":0,"50":0,"51":0,"52":1,"53":1},"f":{"0":1,"1":0,"2":0,"3":0,"4":0,"5":0,"6":0,"7":0,"8":0},"b":{"0":[0],"1":[0],"2":[0],"3":[0,0],"4":[0,0],"5":[0,0],"6":[0,0],"7":[0,0],"8":[0],"9":[0],"10":[0,0,0],"11":[0],"12":[0],"13":[0,0],"14":[0,0],"15":[0]}}
,"C:\\Cloud\\Projects\\bechara\\bechara-nestjs-orm\\source\\orm\\orm.module.ts": {"path":"C:\\Cloud\\Projects\\bechara\\bechara-nestjs-orm\\source\\orm\\orm.module.ts","statementMap":{"0":{"start":{"line":1,"column":0},"end":{"line":1,"column":154}},"1":{"start":{"line":3,"column":0},"end":{"line":3,"column":51}},"2":{"start":{"line":6,"column":0},"end":{"line":6,"column":55}},"3":{"start":{"line":7,"column":0},"end":{"line":7,"column":184}},"4":{"start":{"line":8,"column":0},"end":{"line":8,"column":60}},"5":{"start":{"line":9,"column":0},"end":{"line":9,"column":51}},"6":{"start":{"line":13,"column":22},"end":{"line":105,"column":null}},"7":{"start":{"line":22,"column":21},"end":{"line":24,"column":62}},"8":{"start":{"line":26,"column":25},"end":{"line":36,"column":6}},"9":{"start":{"line":38,"column":4},"end":{"line":102,"column":6}},"10":{"start":{"line":44,"column":62},"end":{"line":48,"column":12}},"11":{"start":{"line":47,"column":42},"end":{"line":47,"column":100}},"12":{"start":{"line":53,"column":68},"end":{"line":53,"column":87}},"13":{"start":{"line":78,"column":53},"end":{"line":78,"column":83}},"14":{"start":{"line":79,"column":12},"end":{"line":79,"column":43}},"15":{"start":{"line":81,"column":12},"end":{"line":86,"column":14}},"16":{"start":{"line":83,"column":37},"end":{"line":83,"column":108}},"17":{"start":{"line":92,"column":83},"end":{"line":92,"column":104}},"18":{"start":{"line":13,"column":13},"end":{"line":105,"column":null}},"19":{"start":{"line":13,"column":13},"end":{"line":13,"column":22}}},"fnMap":{"0":{"name":"(anonymous_1)","decl":{"start":{"line":21,"column":9},"end":{"line":21,"column":15}},"loc":{"start":{"line":21,"column":60},"end":{"line":103,"column":3}}},"1":{"name":"(anonymous_2)","decl":{"start":{"line":44,"column":22},"end":{"line":44,"column":23}},"loc":{"start":{"line":44,"column":62},"end":{"line":48,"column":12}}},"2":{"name":"(anonymous_3)","decl":{"start":{"line":47,"column":21},"end":{"line":47,"column":39}},"loc":{"start":{"line":47,"column":42},"end":{"line":47,"column":100}}},"3":{"name":"(anonymous_4)","decl":{"start":{"line":53,"column":22},"end":{"line":53,"column":23}},"loc":{"start":{"line":53,"column":68},"end":{"line":53,"column":87}}},"4":{"name":"(anonymous_5)","decl":{"start":{"line":73,"column":22},"end":{"line":73,"column":null}},"loc":{"start":{"line":77,"column":31},"end":{"line":87,"column":11}}},"5":{"name":"(anonymous_6)","decl":{"start":{"line":83,"column":22},"end":{"line":83,"column":23}},"loc":{"start":{"line":83,"column":37},"end":{"line":83,"column":108}}},"6":{"name":"(anonymous_7)","decl":{"start":{"line":92,"column":22},"end":{"line":92,"column":23}},"loc":{"start":{"line":92,"column":83},"end":{"line":92,"column":104}}}},"branchMap":{"0":{"loc":{"start":{"line":22,"column":21},"end":{"line":24,"column":62}},"type":"cond-expr","locations":[{"start":{"line":23,"column":8},"end":{"line":23,"column":31}},{"start":{"line":24,"column":8},"end":{"line":24,"column":62}}]},"1":{"loc":{"start":{"line":23,"column":8},"end":{"line":23,"column":31}},"type":"binary-expr","locations":[{"start":{"line":23,"column":8},"end":{"line":23,"column":24}},{"start":{"line":23,"column":28},"end":{"line":23,"column":31}}]},"2":{"loc":{"start":{"line":67,"column":18},"end":{"line":67,"column":39}},"type":"binary-expr","locations":[{"start":{"line":67,"column":18},"end":{"line":67,"column":32}},{"start":{"line":67,"column":36},"end":{"line":67,"column":39}}]}},"s":{"0":1,"1":1,"2":1,"3":1,"4":1,"5":1,"6":1,"7":1,"8":1,"9":1,"10":1,"11":235,"12":1,"13":1,"14":1,"15":1,"16":217,"17":1,"18":1,"19":1},"f":{"0":1,"1":1,"2":235,"3":1,"4":1,"5":217,"6":1},"b":{"0":[1,0],"1":[1,0],"2":[1,1]}}
,"C:\\Cloud\\Projects\\bechara\\bechara-nestjs-orm\\source\\orm\\orm.repository.ts": {"path":"C:\\Cloud\\Projects\\bechara\\bechara-nestjs-orm\\source\\orm\\orm.repository.ts","statementMap":{"0":{"start":{"line":4,"column":0},"end":{"line":4,"column":77}},"1":{"start":{"line":13,"column":4},"end":{"line":13,"column":56}},"2":{"start":{"line":9,"column":23},"end":{"line":9,"column":51}},"3":{"start":{"line":10,"column":23},"end":{"line":10,"column":53}},"4":{"start":{"line":11,"column":23},"end":{"line":11,"column":73}},"5":{"start":{"line":6,"column":0},"end":{"line":6,"column":22}}},"fnMap":{"0":{"name":"(anonymous_0)","decl":{"start":{"line":8,"column":2},"end":{"line":8,"column":null}},"loc":{"start":{"line":11,"column":76},"end":{"line":14,"column":3}}}},"branchMap":{"0":{"loc":{"start":{"line":11,"column":23},"end":{"line":11,"column":76}},"type":"default-arg","locations":[{"start":{"line":11,"column":73},"end":{"line":11,"column":76}}]}},"s":{"0":1,"1":4,"2":4,"3":4,"4":4,"5":1},"f":{"0":4},"b":{"0":[4]}}
,"C:\\Cloud\\Projects\\bechara\\bechara-nestjs-orm\\source\\orm\\orm.subscriber.ts": {"path":"C:\\Cloud\\Projects\\bechara\\bechara-nestjs-orm\\source\\orm\\orm.subscriber.ts","statementMap":{"0":{"start":{"line":8,"column":23},"end":{"line":8,"column":51}},"1":{"start":{"line":9,"column":23},"end":{"line":9,"column":65}},"2":{"start":{"line":11,"column":4},"end":{"line":11,"column":61}},"3":{"start":{"line":18,"column":25},"end":{"line":18,"column":50}},"4":{"start":{"line":19,"column":4},"end":{"line":19,"column":61}},"5":{"start":{"line":27,"column":26},"end":{"line":27,"column":32}},"6":{"start":{"line":28,"column":39},"end":{"line":28,"column":48}},"7":{"start":{"line":30,"column":4},"end":{"line":33,"column":6}},"8":{"start":{"line":5,"column":0},"end":{"line":5,"column":22}}},"fnMap":{"0":{"name":"(anonymous_0)","decl":{"start":{"line":7,"column":2},"end":{"line":7,"column":null}},"loc":{"start":{"line":9,"column":65},"end":{"line":12,"column":3}}},"1":{"name":"(anonymous_1)","decl":{"start":{"line":17,"column":9},"end":{"line":17,"column":30}},"loc":{"start":{"line":17,"column":30},"end":{"line":20,"column":3}}},"2":{"name":"(anonymous_2)","decl":{"start":{"line":26,"column":12},"end":{"line":26,"column":24}},"loc":{"start":{"line":26,"column":60},"end":{"line":34,"column":3}}}},"branchMap":{"0":{"loc":{"start":{"line":19,"column":11},"end":{"line":19,"column":60}},"type":"cond-expr","locations":[{"start":{"line":19,"column":37},"end":{"line":19,"column":45}},{"start":{"line":19,"column":48},"end":{"line":19,"column":60}}]}},"s":{"0":1,"1":1,"2":1,"3":1,"4":1,"5":0,"6":0,"7":0,"8":1},"f":{"0":1,"1":1,"2":0},"b":{"0":[0,1]}}
,"C:\\Cloud\\Projects\\bechara\\bechara-nestjs-orm\\source\\orm\\orm.repository\\orm.repository.base.ts": {"path":"C:\\Cloud\\Projects\\bechara\\bechara-nestjs-orm\\source\\orm\\orm.repository\\orm.repository.base.ts","statementMap":{"0":{"start":{"line":1,"column":0},"end":{"line":1,"column":149}},"1":{"start":{"line":2,"column":0},"end":{"line":2,"column":246}},"2":{"start":{"line":6,"column":0},"end":{"line":6,"column":42}},"3":{"start":{"line":16,"column":4},"end":{"line":16,"column":37}},"4":{"start":{"line":12,"column":23},"end":{"line":12,"column":51}},"5":{"start":{"line":13,"column":23},"end":{"line":13,"column":53}},"6":{"start":{"line":14,"column":23},"end":{"line":14,"column":70}},"7":{"start":{"line":23,"column":4},"end":{"line":23,"column":37}},"8":{"start":{"line":30,"column":4},"end":{"line":30,"column":59}},"9":{"start":{"line":37,"column":4},"end":{"line":37,"column":60}},"10":{"start":{"line":45,"column":4},"end":{"line":45,"column":30}},"11":{"start":{"line":47,"column":4},"end":{"line":57,"column":null}},"12":{"start":{"line":48,"column":6},"end":{"line":48,"column":39}},"13":{"start":{"line":49,"column":6},"end":{"line":49,"column":33}},"14":{"start":{"line":52,"column":6},"end":{"line":56,"column":9}},"15":{"start":{"line":53,"column":29},"end":{"line":53,"column":47}},"16":{"start":{"line":65,"column":4},"end":{"line":65,"column":70}},"17":{"start":{"line":73,"column":4},"end":{"line":73,"column":46}},"18":{"start":{"line":73,"column":39},"end":{"line":73,"column":46}},"19":{"start":{"line":74,"column":4},"end":{"line":74,"column":40}},"20":{"start":{"line":75,"column":4},"end":{"line":75,"column":28}},"21":{"start":{"line":83,"column":4},"end":{"line":83,"column":46}},"22":{"start":{"line":83,"column":39},"end":{"line":83,"column":46}},"23":{"start":{"line":84,"column":4},"end":{"line":84,"column":41}},"24":{"start":{"line":85,"column":4},"end":{"line":85,"column":28}},"25":{"start":{"line":94,"column":4},"end":{"line":96,"column":null}},"26":{"start":{"line":95,"column":6},"end":{"line":95,"column":33}},"27":{"start":{"line":98,"column":4},"end":{"line":98,"column":22}},"28":{"start":{"line":105,"column":4},"end":{"line":105,"column":31}},"29":{"start":{"line":112,"column":4},"end":{"line":112,"column":69}},"30":{"start":{"line":119,"column":4},"end":{"line":119,"column":53}},"31":{"start":{"line":126,"column":4},"end":{"line":126,"column":52}},"32":{"start":{"line":127,"column":4},"end":{"line":127,"column":65}},"33":{"start":{"line":135,"column":23},"end":{"line":135,"column":62}},"34":{"start":{"line":138,"column":4},"end":{"line":140,"column":null}},"35":{"start":{"line":139,"column":6},"end":{"line":139,"column":27}},"36":{"start":{"line":142,"column":4},"end":{"line":144,"column":null}},"37":{"start":{"line":143,"column":6},"end":{"line":143,"column":28}},"38":{"start":{"line":146,"column":4},"end":{"line":148,"column":null}},"39":{"start":{"line":147,"column":6},"end":{"line":147,"column":85}},"40":{"start":{"line":150,"column":4},"end":{"line":150,"column":20}},"41":{"start":{"line":164,"column":39},"end":{"line":164,"column":45}},"42":{"start":{"line":165,"column":24},"end":{"line":165,"column":29}},"43":{"start":{"line":167,"column":32},"end":{"line":167,"column":53}},"44":{"start":{"line":168,"column":24},"end":{"line":168,"column":76}},"45":{"start":{"line":168,"column":56},"end":{"line":168,"column":75}},"46":{"start":{"line":170,"column":4},"end":{"line":173,"column":null}},"47":{"start":{"line":171,"column":6},"end":{"line":171,"column":51}},"48":{"start":{"line":171,"column":31},"end":{"line":171,"column":49}},"49":{"start":{"line":172,"column":6},"end":{"line":172,"column":33}},"50":{"start":{"line":175,"column":23},"end":{"line":175,"column":76}},"51":{"start":{"line":176,"column":29},"end":{"line":176,"column":67}},"52":{"start":{"line":177,"column":28},"end":{"line":177,"column":107}},"53":{"start":{"line":178,"column":28},"end":{"line":178,"column":110}},"54":{"start":{"line":179,"column":32},"end":{"line":179,"column":94}},"55":{"start":{"line":180,"column":36},"end":{"line":180,"column":81}},"56":{"start":{"line":182,"column":4},"end":{"line":202,"column":null}},"57":{"start":{"line":183,"column":6},"end":{"line":186,"column":9}},"58":{"start":{"line":188,"column":9},"end":{"line":202,"column":null}},"59":{"start":{"line":189,"column":6},"end":{"line":192,"column":9}},"60":{"start":{"line":194,"column":9},"end":{"line":202,"column":null}},"61":{"start":{"line":195,"column":6},"end":{"line":198,"column":9}},"62":{"start":{"line":200,"column":9},"end":{"line":202,"column":null}},"63":{"start":{"line":201,"column":6},"end":{"line":201,"column":63}},"64":{"start":{"line":204,"column":4},"end":{"line":204,"column":50}},"65":{"start":{"line":214,"column":4},"end":{"line":214,"column":38}},"66":{"start":{"line":224,"column":4},"end":{"line":224,"column":39}},"67":{"start":{"line":234,"column":4},"end":{"line":234,"column":30}},"68":{"start":{"line":242,"column":4},"end":{"line":242,"column":25}},"69":{"start":{"line":255,"column":4},"end":{"line":255,"column":38}},"70":{"start":{"line":264,"column":4},"end":{"line":264,"column":34}},"71":{"start":{"line":276,"column":4},"end":{"line":276,"column":41}},"72":{"start":{"line":288,"column":4},"end":{"line":288,"column":47}},"73":{"start":{"line":300,"column":4},"end":{"line":300,"column":46}},"74":{"start":{"line":310,"column":4},"end":{"line":310,"column":46}},"75":{"start":{"line":319,"column":4},"end":{"line":319,"column":36}},"76":{"start":{"line":332,"column":4},"end":{"line":332,"column":52}},"77":{"start":{"line":341,"column":4},"end":{"line":341,"column":33}},"78":{"start":{"line":350,"column":4},"end":{"line":350,"column":41}},"79":{"start":{"line":359,"column":4},"end":{"line":359,"column":32}},"80":{"start":{"line":368,"column":4},"end":{"line":368,"column":40}},"81":{"start":{"line":9,"column":0},"end":{"line":9,"column":22}}},"fnMap":{"0":{"name":"(anonymous_0)","decl":{"start":{"line":11,"column":2},"end":{"line":11,"column":null}},"loc":{"start":{"line":14,"column":70},"end":{"line":17,"column":3}}},"1":{"name":"(anonymous_1)","decl":{"start":{"line":22,"column":10},"end":{"line":22,"column":18}},"loc":{"start":{"line":22,"column":18},"end":{"line":24,"column":3}}},"2":{"name":"(anonymous_2)","decl":{"start":{"line":29,"column":10},"end":{"line":29,"column":26}},"loc":{"start":{"line":29,"column":26},"end":{"line":31,"column":3}}},"3":{"name":"(anonymous_3)","decl":{"start":{"line":36,"column":10},"end":{"line":36,"column":28}},"loc":{"start":{"line":36,"column":28},"end":{"line":38,"column":3}}},"4":{"name":"(anonymous_4)","decl":{"start":{"line":44,"column":10},"end":{"line":44,"column":15}},"loc":{"start":{"line":44,"column":40},"end":{"line":58,"column":3}}},"5":{"name":"(anonymous_5)","decl":{"start":{"line":53,"column":16},"end":{"line":53,"column":17}},"loc":{"start":{"line":53,"column":29},"end":{"line":53,"column":47}}},"6":{"name":"(anonymous_6)","decl":{"start":{"line":64,"column":12},"end":{"line":64,"column":25}},"loc":{"start":{"line":64,"column":53},"end":{"line":66,"column":3}}},"7":{"name":"(anonymous_7)","decl":{"start":{"line":72,"column":12},"end":{"line":72,"column":23}},"loc":{"start":{"line":72,"column":51},"end":{"line":76,"column":3}}},"8":{"name":"(anonymous_8)","decl":{"start":{"line":82,"column":9},"end":{"line":82,"column":20}},"loc":{"start":{"line":82,"column":48},"end":{"line":86,"column":3}}},"9":{"name":"(anonymous_9)","decl":{"start":{"line":93,"column":9},"end":{"line":93,"column":14}},"loc":{"start":{"line":93,"column":50},"end":{"line":99,"column":3}}},"10":{"name":"(anonymous_10)","decl":{"start":{"line":104,"column":9},"end":{"line":104,"column":17}},"loc":{"start":{"line":104,"column":17},"end":{"line":106,"column":3}}},"11":{"name":"(anonymous_11)","decl":{"start":{"line":111,"column":9},"end":{"line":111,"column":27}},"loc":{"start":{"line":111,"column":27},"end":{"line":113,"column":3}}},"12":{"name":"(anonymous_12)","decl":{"start":{"line":118,"column":12},"end":{"line":118,"column":25}},"loc":{"start":{"line":118,"column":25},"end":{"line":120,"column":3}}},"13":{"name":"(anonymous_13)","decl":{"start":{"line":125,"column":12},"end":{"line":125,"column":32}},"loc":{"start":{"line":125,"column":32},"end":{"line":128,"column":3}}},"14":{"name":"(anonymous_14)","decl":{"start":{"line":134,"column":12},"end":{"line":134,"column":29}},"loc":{"start":{"line":134,"column":58},"end":{"line":151,"column":3}}},"15":{"name":"(anonymous_15)","decl":{"start":{"line":163,"column":9},"end":{"line":163,"column":15}},"loc":{"start":{"line":163,"column":71},"end":{"line":205,"column":3}}},"16":{"name":"(anonymous_16)","decl":{"start":{"line":168,"column":49},"end":{"line":168,"column":50}},"loc":{"start":{"line":168,"column":56},"end":{"line":168,"column":75}}},"17":{"name":"(anonymous_17)","decl":{"start":{"line":171,"column":24},"end":{"line":171,"column":25}},"loc":{"start":{"line":171,"column":31},"end":{"line":171,"column":49}}},"18":{"name":"(anonymous_18)","decl":{"start":{"line":213,"column":9},"end":{"line":213,"column":15}},"loc":{"start":{"line":213,"column":56},"end":{"line":215,"column":3}}},"19":{"name":"(anonymous_19)","decl":{"start":{"line":223,"column":9},"end":{"line":223,"column":14}},"loc":{"start":{"line":223,"column":74},"end":{"line":225,"column":3}}},"20":{"name":"(anonymous_20)","decl":{"start":{"line":232,"column":9},"end":{"line":232,"column":15}},"loc":{"start":{"line":232,"column":48},"end":{"line":235,"column":3}}},"21":{"name":"(anonymous_21)","decl":{"start":{"line":241,"column":9},"end":{"line":241,"column":14}},"loc":{"start":{"line":241,"column":20},"end":{"line":243,"column":3}}},"22":{"name":"(anonymous_22)","decl":{"start":{"line":251,"column":9},"end":{"line":251,"column":13}},"loc":{"start":{"line":252,"column":64},"end":{"line":256,"column":3}}},"23":{"name":"(anonymous_23)","decl":{"start":{"line":263,"column":9},"end":{"line":263,"column":16}},"loc":{"start":{"line":263,"column":75},"end":{"line":265,"column":3}}},"24":{"name":"(anonymous_24)","decl":{"start":{"line":273,"column":9},"end":{"line":273,"column":16}},"loc":{"start":{"line":274,"column":67},"end":{"line":277,"column":3}}},"25":{"name":"(anonymous_25)","decl":{"start":{"line":285,"column":9},"end":{"line":285,"column":22}},"loc":{"start":{"line":286,"column":73},"end":{"line":289,"column":3}}},"26":{"name":"(anonymous_26)","decl":{"start":{"line":297,"column":9},"end":{"line":297,"column":21}},"loc":{"start":{"line":298,"column":64},"end":{"line":301,"column":3}}},"27":{"name":"(anonymous_27)","decl":{"start":{"line":309,"column":9},"end":{"line":309,"column":21}},"loc":{"start":{"line":309,"column":81},"end":{"line":311,"column":3}}},"28":{"name":"(anonymous_28)","decl":{"start":{"line":318,"column":9},"end":{"line":318,"column":21}},"loc":{"start":{"line":318,"column":46},"end":{"line":320,"column":3}}},"29":{"name":"(anonymous_29)","decl":{"start":{"line":329,"column":9},"end":{"line":329,"column":21}},"loc":{"start":{"line":330,"column":89},"end":{"line":333,"column":3}}},"30":{"name":"(anonymous_30)","decl":{"start":{"line":340,"column":9},"end":{"line":340,"column":16}},"loc":{"start":{"line":340,"column":48},"end":{"line":342,"column":3}}},"31":{"name":"(anonymous_31)","decl":{"start":{"line":349,"column":9},"end":{"line":349,"column":14}},"loc":{"start":{"line":349,"column":62},"end":{"line":351,"column":3}}},"32":{"name":"(anonymous_32)","decl":{"start":{"line":358,"column":9},"end":{"line":358,"column":15}},"loc":{"start":{"line":358,"column":47},"end":{"line":360,"column":3}}},"33":{"name":"(anonymous_33)","decl":{"start":{"line":367,"column":9},"end":{"line":367,"column":14}},"loc":{"start":{"line":367,"column":61},"end":{"line":369,"column":3}}}},"branchMap":{"0":{"loc":{"start":{"line":44,"column":21},"end":{"line":44,"column":40}},"type":"default-arg","locations":[{"start":{"line":44,"column":39},"end":{"line":44,"column":40}}]},"1":{"loc":{"start":{"line":65,"column":11},"end":{"line":65,"column":69}},"type":"cond-expr","locations":[{"start":{"line":65,"column":37},"end":{"line":65,"column":56}},{"start":{"line":65,"column":59},"end":{"line":65,"column":69}}]},"2":{"loc":{"start":{"line":73,"column":4},"end":{"line":73,"column":46}},"type":"if","locations":[{"start":{"line":73,"column":4},"end":{"line":73,"column":46}}]},"3":{"loc":{"start":{"line":83,"column":4},"end":{"line":83,"column":46}},"type":"if","locations":[{"start":{"line":83,"column":4},"end":{"line":83,"column":46}}]},"4":{"loc":{"start":{"line":94,"column":4},"end":{"line":96,"column":null}},"type":"if","locations":[{"start":{"line":94,"column":4},"end":{"line":96,"column":null}}]},"5":{"loc":{"start":{"line":119,"column":11},"end":{"line":119,"column":52}},"type":"binary-expr","locations":[{"start":{"line":119,"column":11},"end":{"line":119,"column":44}},{"start":{"line":119,"column":48},"end":{"line":119,"column":52}}]},"6":{"loc":{"start":{"line":126,"column":4},"end":{"line":126,"column":52}},"type":"binary-expr","locations":[{"start":{"line":126,"column":4},"end":{"line":126,"column":44}},{"start":{"line":126,"column":44},"end":{"line":126,"column":51}}]},"7":{"loc":{"start":{"line":138,"column":4},"end":{"line":140,"column":null}},"type":"if","locations":[{"start":{"line":138,"column":4},"end":{"line":140,"column":null}}]},"8":{"loc":{"start":{"line":138,"column":8},"end":{"line":138,"column":69}},"type":"binary-expr","locations":[{"start":{"line":138,"column":8},"end":{"line":138,"column":17}},{"start":{"line":138,"column":21},"end":{"line":138,"column":45}},{"start":{"line":138,"column":49},"end":{"line":138,"column":69}}]},"9":{"loc":{"start":{"line":142,"column":4},"end":{"line":144,"column":null}},"type":"if","locations":[{"start":{"line":142,"column":4},"end":{"line":144,"column":null}}]},"10":{"loc":{"start":{"line":142,"column":8},"end":{"line":142,"column":71}},"type":"binary-expr","locations":[{"start":{"line":142,"column":8},"end":{"line":142,"column":17}},{"start":{"line":142,"column":21},"end":{"line":142,"column":46}},{"start":{"line":142,"column":50},"end":{"line":142,"column":71}}]},"11":{"loc":{"start":{"line":146,"column":4},"end":{"line":148,"column":null}},"type":"if","locations":[{"start":{"line":146,"column":4},"end":{"line":148,"column":null}}]},"12":{"loc":{"start":{"line":170,"column":4},"end":{"line":173,"column":null}},"type":"if","locations":[{"start":{"line":170,"column":4},"end":{"line":173,"column":null}}]},"13":{"loc":{"start":{"line":170,"column":8},"end":{"line":170,"column":35}},"type":"binary-expr","locations":[{"start":{"line":170,"column":8},"end":{"line":170,"column":19}},{"start":{"line":170,"column":23},"end":{"line":170,"column":35}}]},"14":{"loc":{"start":{"line":182,"column":4},"end":{"line":202,"column":null}},"type":"if","locations":[{"start":{"line":182,"column":4},"end":{"line":202,"column":null}},{"start":{"line":188,"column":9},"end":{"line":202,"column":null}}]},"15":{"loc":{"start":{"line":188,"column":9},"end":{"line":202,"column":null}},"type":"if","locations":[{"start":{"line":188,"column":9},"end":{"line":202,"column":null}},{"start":{"line":194,"column":9},"end":{"line":202,"column":null}}]},"16":{"loc":{"start":{"line":194,"column":9},"end":{"line":202,"column":null}},"type":"if","locations":[{"start":{"line":194,"column":9},"end":{"line":202,"column":null}},{"start":{"line":200,"column":9},"end":{"line":202,"column":null}}]},"17":{"loc":{"start":{"line":200,"column":9},"end":{"line":202,"column":null}},"type":"if","locations":[{"start":{"line":200,"column":9},"end":{"line":202,"column":null}}]},"18":{"loc":{"start":{"line":200,"column":13},"end":{"line":200,"column":59}},"type":"binary-expr","locations":[{"start":{"line":200,"column":13},"end":{"line":200,"column":32}},{"start":{"line":200,"column":36},"end":{"line":200,"column":59}}]}},"s":{"0":1,"1":1,"2":1,"3":4,"4":4,"5":4,"6":4,"7":38,"8":19,"9":19,"10":19,"11":19,"12":19,"13":15,"14":4,"15":0,"16":19,"17":3,"18":0,"19":3,"20":3,"21":16,"22":0,"23":16,"24":16,"25":19,"26":1,"27":19,"28":1,"29":0,"30":6,"31":2,"32":2,"33":2,"34":2,"35":2,"36":2,"37":0,"38":2,"39":0,"40":2,"41":4,"42":4,"43":4,"44":4,"45":4,"46":4,"47":0,"48":0,"49":0,"50":4,"51":4,"52":4,"53":4,"54":4,"55":4,"56":4,"57":1,"58":3,"59":1,"60":2,"61":1,"62":1,"63":0,"64":1,"65":0,"66":0,"67":0,"68":0,"69":0,"70":0,"71":0,"72":0,"73":0,"74":0,"75":0,"76":0,"77":0,"78":0,"79":0,"80":0,"81":1},"f":{"0":4,"1":38,"2":19,"3":19,"4":19,"5":0,"6":19,"7":3,"8":16,"9":19,"10":1,"11":0,"12":6,"13":2,"14":2,"15":4,"16":4,"17":0,"18":0,"19":0,"20":0,"21":0,"22":0,"23":0,"24":0,"25":0,"26":0,"27":0,"28":0,"29":0,"30":0,"31":0,"32":0,"33":0},"b":{"0":[19],"1":[18,1],"2":[0],"3":[0],"4":[1],"5":[6,6],"6":[2,2],"7":[2],"8":[2,2,2],"9":[0],"10":[2,0,0],"11":[0],"12":[0],"13":[4,0],"14":[1,3],"15":[1,2],"16":[1,1],"17":[0],"18":[1,1]}}
,"C:\\Cloud\\Projects\\bechara\\bechara-nestjs-orm\\source\\orm\\orm.repository\\orm.repository.create.ts": {"path":"C:\\Cloud\\Projects\\bechara\\bechara-nestjs-orm\\source\\orm\\orm.repository\\orm.repository.create.ts","statementMap":{"0":{"start":{"line":4,"column":0},"end":{"line":4,"column":58}},"1":{"start":{"line":13,"column":4},"end":{"line":13,"column":56}},"2":{"start":{"line":9,"column":23},"end":{"line":9,"column":51}},"3":{"start":{"line":10,"column":23},"end":{"line":10,"column":53}},"4":{"start":{"line":11,"column":23},"end":{"line":11,"column":70}},"5":{"start":{"line":21,"column":22},"end":{"line":21,"column":59}},"6":{"start":{"line":23,"column":4},"end":{"line":25,"column":12}},"7":{"start":{"line":24,"column":29},"end":{"line":24,"column":74}},"8":{"start":{"line":34,"column":4},"end":{"line":34,"column":31}},"9":{"start":{"line":42,"column":24},"end":{"line":42,"column":40}},"10":{"start":{"line":43,"column":4},"end":{"line":43,"column":34}},"11":{"start":{"line":44,"column":4},"end":{"line":44,"column":23}},"12":{"start":{"line":52,"column":24},"end":{"line":52,"column":50}},"13":{"start":{"line":53,"column":4},"end":{"line":53,"column":24}},"14":{"start":{"line":54,"column":4},"end":{"line":54,"column":23}},"15":{"start":{"line":62,"column":26},"end":{"line":62,"column":52}},"16":{"start":{"line":63,"column":4},"end":{"line":63,"column":21}},"17":{"start":{"line":71,"column":22},"end":{"line":71,"column":47}},"18":{"start":{"line":72,"column":4},"end":{"line":72,"column":24}},"19":{"start":{"line":73,"column":4},"end":{"line":73,"column":21}},"20":{"start":{"line":6,"column":0},"end":{"line":6,"column":22}}},"fnMap":{"0":{"name":"(anonymous_0)","decl":{"start":{"line":8,"column":2},"end":{"line":8,"column":null}},"loc":{"start":{"line":11,"column":70},"end":{"line":14,"column":3}}},"1":{"name":"(anonymous_1)","decl":{"start":{"line":20,"column":9},"end":{"line":20,"column":14}},"loc":{"start":{"line":20,"column":78},"end":{"line":26,"column":3}}},"2":{"name":"(anonymous_2)","decl":{"start":{"line":24,"column":22},"end":{"line":24,"column":23}},"loc":{"start":{"line":24,"column":29},"end":{"line":24,"column":74}}},"3":{"name":"(anonymous_3)","decl":{"start":{"line":33,"column":9},"end":{"line":33,"column":17}},"loc":{"start":{"line":33,"column":50},"end":{"line":35,"column":3}}},"4":{"name":"(anonymous_4)","decl":{"start":{"line":41,"column":9},"end":{"line":41,"column":24}},"loc":{"start":{"line":41,"column":88},"end":{"line":45,"column":3}}},"5":{"name":"(anonymous_5)","decl":{"start":{"line":51,"column":9},"end":{"line":51,"column":14}},"loc":{"start":{"line":51,"column":89},"end":{"line":55,"column":3}}},"6":{"name":"(anonymous_6)","decl":{"start":{"line":61,"column":9},"end":{"line":61,"column":23}},"loc":{"start":{"line":61,"column":56},"end":{"line":64,"column":3}}},"7":{"name":"(anonymous_7)","decl":{"start":{"line":70,"column":9},"end":{"line":70,"column":14}},"loc":{"start":{"line":70,"column":57},"end":{"line":74,"column":3}}}},"branchMap":{"0":{"loc":{"start":{"line":21,"column":22},"end":{"line":21,"column":59}},"type":"cond-expr","locations":[{"start":{"line":21,"column":44},"end":{"line":21,"column":48}},{"start":{"line":21,"column":51},"end":{"line":21,"column":59}}]},"1":{"loc":{"start":{"line":23,"column":11},"end":{"line":25,"column":11}},"type":"cond-expr","locations":[{"start":{"line":24,"column":8},"end":{"line":24,"column":75}},{"start":{"line":25,"column":8},"end":{"line":25,"column":11}}]},"2":{"loc":{"start":{"line":23,"column":11},"end":{"line":23,"column":39}},"type":"binary-expr","locations":[{"start":{"line":23,"column":11},"end":{"line":23,"column":15}},{"start":{"line":23,"column":19},"end":{"line":23,"column":39}}]}},"s":{"0":1,"1":4,"2":4,"3":4,"4":4,"5":12,"6":12,"7":15,"8":1,"9":11,"10":11,"11":11,"12":5,"13":5,"14":5,"15":6,"16":6,"17":5,"18":5,"19":2,"20":1},"f":{"0":4,"1":12,"2":15,"3":1,"4":11,"5":5,"6":6,"7":5},"b":{"0":[4,8],"1":[12,0],"2":[12,12]}}
,"C:\\Cloud\\Projects\\bechara\\bechara-nestjs-orm\\source\\orm\\orm.repository\\orm.repository.delete.ts": {"path":"C:\\Cloud\\Projects\\bechara\\bechara-nestjs-orm\\source\\orm\\orm.repository\\orm.repository.delete.ts","statementMap":{"0":{"start":{"line":4,"column":0},"end":{"line":4,"column":62}},"1":{"start":{"line":13,"column":4},"end":{"line":13,"column":56}},"2":{"start":{"line":9,"column":23},"end":{"line":9,"column":51}},"3":{"start":{"line":10,"column":23},"end":{"line":10,"column":53}},"4":{"start":{"line":11,"column":23},"end":{"line":11,"column":70}},"5":{"start":{"line":21,"column":24},"end":{"line":21,"column":73}},"6":{"start":{"line":22,"column":4},"end":{"line":22,"column":58}},"7":{"start":{"line":22,"column":47},"end":{"line":22,"column":58}},"8":{"start":{"line":23,"column":4},"end":{"line":23,"column":31}},"9":{"start":{"line":24,"column":4},"end":{"line":24,"column":23}},"10":{"start":{"line":36,"column":25},"end":{"line":36,"column":32}},"11":{"start":{"line":37,"column":24},"end":{"line":37,"column":73}},"12":{"start":{"line":38,"column":4},"end":{"line":38,"column":58}},"13":{"start":{"line":38,"column":47},"end":{"line":38,"column":58}},"14":{"start":{"line":40,"column":4},"end":{"line":43,"column":null}},"15":{"start":{"line":42,"column":6},"end":{"line":42,"column":56}},"16":{"start":{"line":45,"column":4},"end":{"line":45,"column":34}},"17":{"start":{"line":46,"column":4},"end":{"line":46,"column":24}},"18":{"start":{"line":48,"column":4},"end":{"line":48,"column":23}},"19":{"start":{"line":60,"column":21},"end":{"line":60,"column":55}},"20":{"start":{"line":61,"column":4},"end":{"line":61,"column":42}},"21":{"start":{"line":69,"column":15},"end":{"line":69,"column":35}},"22":{"start":{"line":70,"column":4},"end":{"line":70,"column":56}},"23":{"start":{"line":82,"column":19},"end":{"line":82,"column":48}},"24":{"start":{"line":83,"column":4},"end":{"line":83,"column":39}},"25":{"start":{"line":84,"column":4},"end":{"line":84,"column":18}},"26":{"start":{"line":92,"column":30},"end":{"line":92,"column":54}},"27":{"start":{"line":93,"column":4},"end":{"line":93,"column":25}},"28":{"start":{"line":105,"column":30},"end":{"line":105,"column":64}},"29":{"start":{"line":106,"column":4},"end":{"line":106,"column":25}},"30":{"start":{"line":6,"column":0},"end":{"line":6,"column":22}}},"fnMap":{"0":{"name":"(anonymous_0)","decl":{"start":{"line":8,"column":2},"end":{"line":8,"column":null}},"loc":{"start":{"line":11,"column":70},"end":{"line":14,"column":3}}},"1":{"name":"(anonymous_1)","decl":{"start":{"line":20,"column":9},"end":{"line":20,"column":20}},"loc":{"start":{"line":20,"column":48},"end":{"line":25,"column":3}}},"2":{"name":"(anonymous_2)","decl":{"start":{"line":32,"column":9},"end":{"line":32,"column":14}},"loc":{"start":{"line":34,"column":46},"end":{"line":49,"column":3}}},"3":{"name":"(anonymous_3)","decl":{"start":{"line":56,"column":9},"end":{"line":56,"column":14}},"loc":{"start":{"line":58,"column":46},"end":{"line":62,"column":3}}},"4":{"name":"(anonymous_4)","decl":{"start":{"line":68,"column":9},"end":{"line":68,"column":24}},"loc":{"start":{"line":68,"column":44},"end":{"line":71,"column":3}}},"5":{"name":"(anonymous_5)","decl":{"start":{"line":78,"column":9},"end":{"line":78,"column":14}},"loc":{"start":{"line":80,"column":46},"end":{"line":85,"column":3}}},"6":{"name":"(anonymous_6)","decl":{"start":{"line":91,"column":9},"end":{"line":91,"column":23}},"loc":{"start":{"line":91,"column":38},"end":{"line":94,"column":3}}},"7":{"name":"(anonymous_7)","decl":{"start":{"line":101,"column":9},"end":{"line":101,"column":14}},"loc":{"start":{"line":103,"column":46},"end":{"line":107,"column":3}}}},"branchMap":{"0":{"loc":{"start":{"line":21,"column":24},"end":{"line":21,"column":73}},"type":"cond-expr","locations":[{"start":{"line":21,"column":50},"end":{"line":21,"column":58}},{"start":{"line":21,"column":61},"end":{"line":21,"column":73}}]},"1":{"loc":{"start":{"line":22,"column":4},"end":{"line":22,"column":58}},"type":"if","locations":[{"start":{"line":22,"column":4},"end":{"line":22,"column":58}}]},"2":{"loc":{"start":{"line":22,"column":8},"end":{"line":22,"column":45}},"type":"binary-expr","locations":[{"start":{"line":22,"column":8},"end":{"line":22,"column":17}},{"start":{"line":22,"column":21},"end":{"line":22,"column":45}}]},"3":{"loc":{"start":{"line":34,"column":4},"end":{"line":34,"column":46}},"type":"default-arg","locations":[{"start":{"line":34,"column":43},"end":{"line":34,"column":46}}]},"4":{"loc":{"start":{"line":37,"column":24},"end":{"line":37,"column":73}},"type":"cond-expr","locations":[{"start":{"line":37,"column":50},"end":{"line":37,"column":58}},{"start":{"line":37,"column":61},"end":{"line":37,"column":73}}]},"5":{"loc":{"start":{"line":38,"column":4},"end":{"line":38,"column":58}},"type":"if","locations":[{"start":{"line":38,"column":4},"end":{"line":38,"column":58}}]},"6":{"loc":{"start":{"line":38,"column":8},"end":{"line":38,"column":45}},"type":"binary-expr","locations":[{"start":{"line":38,"column":8},"end":{"line":38,"column":17}},{"start":{"line":38,"column":21},"end":{"line":38,"column":45}}]},"7":{"loc":{"start":{"line":40,"column":4},"end":{"line":43,"column":null}},"type":"if","locations":[{"start":{"line":40,"column":4},"end":{"line":43,"column":null}}]},"8":{"loc":{"start":{"line":58,"column":4},"end":{"line":58,"column":46}},"type":"default-arg","locations":[{"start":{"line":58,"column":43},"end":{"line":58,"column":46}}]},"9":{"loc":{"start":{"line":80,"column":4},"end":{"line":80,"column":46}},"type":"default-arg","locations":[{"start":{"line":80,"column":43},"end":{"line":80,"column":46}}]},"10":{"loc":{"start":{"line":103,"column":4},"end":{"line":103,"column":46}},"type":"default-arg","locations":[{"start":{"line":103,"column":43},"end":{"line":103,"column":46}}]}},"s":{"0":1,"1":4,"2":4,"3":4,"4":4,"5":3,"6":3,"7":0,"8":3,"9":3,"10":3,"11":3,"12":3,"13":0,"14":3,"15":0,"16":3,"17":3,"18":2,"19":0,"20":0,"21":0,"22":0,"23":0,"24":0,"25":0,"26":0,"27":0,"28":0,"29":0,"30":1},"f":{"0":4,"1":3,"2":3,"3":0,"4":0,"5":0,"6":0,"7":0},"b":{"0":[3,0],"1":[0],"2":[3,3],"3":[3],"4":[3,0],"5":[0],"6":[3,3],"7":[0],"8":[0],"9":[0],"10":[0]}}
,"C:\\Cloud\\Projects\\bechara\\bechara-nestjs-orm\\source\\orm\\orm.repository\\orm.repository.read.ts": {"path":"C:\\Cloud\\Projects\\bechara\\bechara-nestjs-orm\\source\\orm\\orm.repository\\orm.repository.read.ts","statementMap":{"0":{"start":{"line":1,"column":0},"end":{"line":1,"column":76}},"1":{"start":{"line":5,"column":0},"end":{"line":5,"column":44}},"2":{"start":{"line":7,"column":0},"end":{"line":7,"column":58}},"3":{"start":{"line":16,"column":4},"end":{"line":16,"column":56}},"4":{"start":{"line":12,"column":23},"end":{"line":12,"column":51}},"5":{"start":{"line":13,"column":23},"end":{"line":13,"column":53}},"6":{"start":{"line":14,"column":23},"end":{"line":14,"column":70}},"7":{"start":{"line":31,"column":4},"end":{"line":31,"column":76}},"8":{"start":{"line":31,"column":65},"end":{"line":31,"column":76}},"9":{"start":{"line":33,"column":4},"end":{"line":33,"column":80}},"10":{"start":{"line":36,"column":4},"end":{"line":38,"column":null}},"11":{"start":{"line":37,"column":6},"end":{"line":37,"column":65}},"12":{"start":{"line":40,"column":4},"end":{"line":50,"column":null}},"13":{"start":{"line":41,"column":6},"end":{"line":41,"column":85}},"14":{"start":{"line":42,"column":6},"end":{"line":42,"column":27}},"15":{"start":{"line":45,"column":6},"end":{"line":49,"column":9}},"16":{"start":{"line":46,"column":29},"end":{"line":46,"column":66}},"17":{"start":{"line":52,"column":4},"end":{"line":54,"column":null}},"18":{"start":{"line":53,"column":6},"end":{"line":53,"column":59}},"19":{"start":{"line":56,"column":4},"end":{"line":56,"column":24}},"20":{"start":{"line":68,"column":15},"end":{"line":68,"column":35}},"21":{"start":{"line":69,"column":21},"end":{"line":69,"column":82}},"22":{"start":{"line":70,"column":4},"end":{"line":70,"column":23}},"23":{"start":{"line":82,"column":4},"end":{"line":82,"column":63}},"24":{"start":{"line":95,"column":21},"end":{"line":95,"column":55}},"25":{"start":{"line":97,"column":4},"end":{"line":103,"column":null}},"26":{"start":{"line":98,"column":6},"end":{"line":102,"column":9}},"27":{"start":{"line":105,"column":4},"end":{"line":105,"column":23}},"28":{"start":{"line":118,"column":4},"end":{"line":118,"column":69}},"29":{"start":{"line":127,"column":4},"end":{"line":127,"column":74}},"30":{"start":{"line":127,"column":65},"end":{"line":127,"column":74}},"31":{"start":{"line":130,"column":4},"end":{"line":139,"column":null}},"32":{"start":{"line":131,"column":6},"end":{"line":131,"column":70}},"33":{"start":{"line":134,"column":6},"end":{"line":138,"column":9}},"34":{"start":{"line":135,"column":29},"end":{"line":135,"column":58}},"35":{"start":{"line":141,"column":4},"end":{"line":141,"column":17}},"36":{"start":{"line":155,"column":4},"end":{"line":155,"column":42}},"37":{"start":{"line":156,"column":4},"end":{"line":156,"column":40}},"38":{"start":{"line":157,"column":4},"end":{"line":157,"column":26}},"39":{"start":{"line":158,"column":4},"end":{"line":158,"column":25}},"40":{"start":{"line":160,"column":4},"end":{"line":167,"column":6}},"41":{"start":{"line":178,"column":4},"end":{"line":178,"column":52}},"42":{"start":{"line":178,"column":45},"end":{"line":178,"column":52}},"43":{"start":{"line":180,"column":30},"end":{"line":180,"column":89}},"44":{"start":{"line":181,"column":19},"end":{"line":181,"column":45}},"45":{"start":{"line":182,"column":20},"end":{"line":182,"column":52}},"46":{"start":{"line":184,"column":4},"end":{"line":191,"column":null}},"47":{"start":{"line":185,"column":6},"end":{"line":190,"column":null}},"48":{"start":{"line":186,"column":8},"end":{"line":186,"column":34}},"49":{"start":{"line":189,"column":8},"end":{"line":189,"column":33}},"50":{"start":{"line":193,"column":4},"end":{"line":193,"column":31}},"51":{"start":{"line":9,"column":0},"end":{"line":9,"column":22}}},"fnMap":{"0":{"name":"(anonymous_0)","decl":{"start":{"line":11,"column":2},"end":{"line":11,"column":null}},"loc":{"start":{"line":14,"column":70},"end":{"line":17,"column":3}}},"1":{"name":"(anonymous_1)","decl":{"start":{"line":26,"column":9},"end":{"line":26,"column":14}},"loc":{"start":{"line":29,"column":15},"end":{"line":57,"column":3}}},"2":{"name":"(anonymous_2)","decl":{"start":{"line":46,"column":16},"end":{"line":46,"column":17}},"loc":{"start":{"line":46,"column":29},"end":{"line":46,"column":66}}},"3":{"name":"(anonymous_3)","decl":{"start":{"line":64,"column":9},"end":{"line":64,"column":14}},"loc":{"start":{"line":66,"column":44},"end":{"line":71,"column":3}}},"4":{"name":"(anonymous_4)","decl":{"start":{"line":78,"column":9},"end":{"line":78,"column":14}},"loc":{"start":{"line":80,"column":64},"end":{"line":83,"column":3}}},"5":{"name":"(anonymous_5)","decl":{"start":{"line":91,"column":9},"end":{"line":91,"column":14}},"loc":{"start":{"line":93,"column":44},"end":{"line":106,"column":3}}},"6":{"name":"(anonymous_6)","decl":{"start":{"line":114,"column":9},"end":{"line":114,"column":14}},"loc":{"start":{"line":116,"column":64},"end":{"line":119,"column":3}}},"7":{"name":"(anonymous_7)","decl":{"start":{"line":126,"column":9},"end":{"line":126,"column":14}},"loc":{"start":{"line":126,"column":65},"end":{"line":142,"column":3}}},"8":{"name":"(anonymous_8)","decl":{"start":{"line":135,"column":16},"end":{"line":135,"column":17}},"loc":{"start":{"line":135,"column":29},"end":{"line":135,"column":58}}},"9":{"name":"(anonymous_9)","decl":{"start":{"line":151,"column":9},"end":{"line":151,"column":14}},"loc":{"start":{"line":153,"column":44},"end":{"line":168,"column":3}}},"10":{"name":"(anonymous_10)","decl":{"start":{"line":175,"column":9},"end":{"line":175,"column":25}},"loc":{"start":{"line":176,"column":30},"end":{"line":194,"column":3}}}},"branchMap":{"0":{"loc":{"start":{"line":28,"column":4},"end":{"line":28,"column":44}},"type":"default-arg","locations":[{"start":{"line":28,"column":41},"end":{"line":28,"column":44}}]},"1":{"loc":{"start":{"line":29,"column":4},"end":{"line":29,"column":15}},"type":"default-arg","locations":[{"start":{"line":29,"column":14},"end":{"line":29,"column":15}}]},"2":{"loc":{"start":{"line":31,"column":4},"end":{"line":31,"column":76}},"type":"if","locations":[{"start":{"line":31,"column":4},"end":{"line":31,"column":76}}]},"3":{"loc":{"start":{"line":31,"column":8},"end":{"line":31,"column":63}},"type":"binary-expr","locations":[{"start":{"line":31,"column":8},"end":{"line":31,"column":15}},{"start":{"line":31,"column":19},"end":{"line":31,"column":40}},{"start":{"line":31,"column":44},"end":{"line":31,"column":63}}]},"4":{"loc":{"start":{"line":33,"column":4},"end":{"line":33,"column":80}},"type":"binary-expr","locations":[{"start":{"line":33,"column":4},"end":{"line":33,"column":20}},{"start":{"line":33,"column":4},"end":{"line":33,"column":79}}]},"5":{"loc":{"start":{"line":33,"column":25},"end":{"line":33,"column":79}},"type":"binary-expr","locations":[{"start":{"line":33,"column":25},"end":{"line":33,"column":70}},{"start":{"line":33,"column":74},"end":{"line":33,"column":79}}]},"6":{"loc":{"start":{"line":36,"column":4},"end":{"line":38,"column":null}},"type":"if","locations":[{"start":{"line":36,"column":4},"end":{"line":38,"column":null}}]},"7":{"loc":{"start":{"line":36,"column":8},"end":{"line":36,"column":37}},"type":"binary-expr","locations":[{"start":{"line":36,"column":8},"end":{"line":36,"column":20}},{"start":{"line":36,"column":24},"end":{"line":36,"column":37}}]},"8":{"loc":{"start":{"line":42,"column":6},"end":{"line":42,"column":27}},"type":"binary-expr","locations":[{"start":{"line":42,"column":6},"end":{"line":42,"column":18}},{"start":{"line":42,"column":6},"end":{"line":42,"column":26}}]},"9":{"loc":{"start":{"line":52,"column":4},"end":{"line":54,"column":null}},"type":"if","locations":[{"start":{"line":52,"column":4},"end":{"line":54,"column":null}}]},"10":{"loc":{"start":{"line":52,"column":8},"end":{"line":52,"column":46}},"type":"binary-expr","locations":[{"start":{"line":52,"column":8},"end":{"line":52,"column":24}},{"start":{"line":52,"column":28},"end":{"line":52,"column":46}}]},"11":{"loc":{"start":{"line":66,"column":4},"end":{"line":66,"column":44}},"type":"default-arg","locations":[{"start":{"line":66,"column":41},"end":{"line":66,"column":44}}]},"12":{"loc":{"start":{"line":80,"column":4},"end":{"line":80,"column":64}},"type":"default-arg","locations":[{"start":{"line":80,"column":61},"end":{"line":80,"column":64}}]},"13":{"loc":{"start":{"line":93,"column":4},"end":{"line":93,"column":44}},"type":"default-arg","locations":[{"start":{"line":93,"column":41},"end":{"line":93,"column":44}}]},"14":{"loc":{"start":{"line":97,"column":4},"end":{"line":103,"column":null}},"type":"if","locations":[{"start":{"line":97,"column":4},"end":{"line":103,"column":null}}]},"15":{"loc":{"start":{"line":116,"column":4},"end":{"line":116,"column":64}},"type":"default-arg","locations":[{"start":{"line":116,"column":61},"end":{"line":116,"column":64}}]},"16":{"loc":{"start":{"line":126,"column":54},"end":{"line":126,"column":65}},"type":"default-arg","locations":[{"start":{"line":126,"column":64},"end":{"line":126,"column":65}}]},"17":{"loc":{"start":{"line":127,"column":4},"end":{"line":127,"column":74}},"type":"if","locations":[{"start":{"line":127,"column":4},"end":{"line":127,"column":74}}]},"18":{"loc":{"start":{"line":127,"column":8},"end":{"line":127,"column":63}},"type":"binary-expr","locations":[{"start":{"line":127,"column":8},"end":{"line":127,"column":15}},{"start":{"line":127,"column":19},"end":{"line":127,"column":40}},{"start":{"line":127,"column":44},"end":{"line":127,"column":63}}]},"19":{"loc":{"start":{"line":153,"column":4},"end":{"line":153,"column":44}},"type":"default-arg","locations":[{"start":{"line":153,"column":41},"end":{"line":153,"column":44}}]},"20":{"loc":{"start":{"line":155,"column":4},"end":{"line":155,"column":42}},"type":"binary-expr","locations":[{"start":{"line":155,"column":4},"end":{"line":155,"column":16}},{"start":{"line":155,"column":4},"end":{"line":155,"column":41}}]},"21":{"loc":{"start":{"line":156,"column":4},"end":{"line":156,"column":40}},"type":"binary-expr","locations":[{"start":{"line":156,"column":4},"end":{"line":156,"column":17}},{"start":{"line":156,"column":4},"end":{"line":156,"column":39}}]},"22":{"loc":{"start":{"line":157,"column":4},"end":{"line":157,"column":26}},"type":"binary-expr","locations":[{"start":{"line":157,"column":4},"end":{"line":157,"column":17}},{"start":{"line":157,"column":4},"end":{"line":157,"column":25}}]},"23":{"loc":{"start":{"line":158,"column":4},"end":{"line":158,"column":25}},"type":"binary-expr","locations":[{"start":{"line":158,"column":4},"end":{"line":158,"column":18}},{"start":{"line":158,"column":4},"end":{"line":158,"column":24}}]},"24":{"loc":{"start":{"line":178,"column":4},"end":{"line":178,"column":52}},"type":"if","locations":[{"start":{"line":178,"column":4},"end":{"line":178,"column":52}}]},"25":{"loc":{"start":{"line":178,"column":8},"end":{"line":178,"column":43}},"type":"binary-expr","locations":[{"start":{"line":178,"column":8},"end":{"line":178,"column":14}},{"start":{"line":178,"column":18},"end":{"line":178,"column":43}}]},"26":{"loc":{"start":{"line":185,"column":6},"end":{"line":190,"column":null}},"type":"if","locations":[{"start":{"line":185,"column":6},"end":{"line":190,"column":null}},{"start":{"line":188,"column":11},"end":{"line":190,"column":null}}]}},"s":{"0":1,"1":1,"2":1,"3":4,"4":4,"5":4,"6":4,"7":27,"8":0,"9":27,"10":27,"11":3,"12":27,"13":27,"14":27,"15":0,"16":0,"17":27,"18":0,"19":27,"20":3,"21":3,"22":3,"23":3,"24":0,"25":0,"26":0,"27":0,"28":0,"29":8,"30":0,"31":8,"32":8,"33":0,"34":0,"35":8,"36":3,"37":3,"38":3,"39":3,"40":3,"41":0,"42":0,"43":0,"44":0,"45":0,"46":0,"47":0,"48":0,"49":0,"50":0,"51":1},"f":{"0":4,"1":27,"2":0,"3":3,"4":3,"5":0,"6":0,"7":8,"8":0,"9":3,"10":0},"b":{"0":[17],"1":[27],"2":[0],"3":[27,27,0],"4":[27,20],"5":[20,20],"6":[3],"7":[27,3],"8":[27,0],"9":[0],"10":[27,0],"11":[0],"12":[0],"13":[0],"14":[0],"15":[0],"16":[8],"17":[0],"18":[8,8,0],"19":[0],"20":[3,1],"21":[3,1],"22":[3,1],"23":[3,2],"24":[0],"25":[0,0],"26":[0,0]}}
,"C:\\Cloud\\Projects\\bechara\\bechara-nestjs-orm\\source\\orm\\orm.repository\\orm.repository.update.ts": {"path":"C:\\Cloud\\Projects\\bechara\\bechara-nestjs-orm\\source\\orm\\orm.repository\\orm.repository.update.ts","statementMap":{"0":{"start":{"line":2,"column":0},"end":{"line":2,"column":57}},"1":{"start":{"line":6,"column":0},"end":{"line":6,"column":62}},"2":{"start":{"line":15,"column":4},"end":{"line":15,"column":56}},"3":{"start":{"line":11,"column":23},"end":{"line":11,"column":51}},"4":{"start":{"line":12,"column":23},"end":{"line":12,"column":53}},"5":{"start":{"line":13,"column":23},"end":{"line":13,"column":70}},"6":{"start":{"line":31,"column":24},"end":{"line":31,"column":67}},"7":{"start":{"line":32,"column":4},"end":{"line":32,"column":56}},"8":{"start":{"line":32,"column":45},"end":{"line":32,"column":56}},"9":{"start":{"line":36,"column":4},"end":{"line":43,"column":null}},"10":{"start":{"line":37,"column":36},"end":{"line":37,"column":54}},"11":{"start":{"line":38,"column":6},"end":{"line":38,"column":84}},"12":{"start":{"line":38,"column":48},"end":{"line":38,"column":82}},"13":{"start":{"line":41,"column":52},"end":{"line":41,"column":70}},"14":{"start":{"line":42,"column":6},"end":{"line":42,"column":103}},"15":{"start":{"line":42,"column":62},"end":{"line":42,"column":101}},"16":{"start":{"line":45,"column":4},"end":{"line":45,"column":39}},"17":{"start":{"line":46,"column":4},"end":{"line":46,"column":28}},"18":{"start":{"line":62,"column":24},"end":{"line":62,"column":67}},"19":{"start":{"line":63,"column":4},"end":{"line":63,"column":56}},"20":{"start":{"line":63,"column":45},"end":{"line":63,"column":56}},"21":{"start":{"line":65,"column":39},"end":{"line":65,"column":42}},"22":{"start":{"line":69,"column":4},"end":{"line":75,"column":null}},"23":{"start":{"line":70,"column":36},"end":{"line":70,"column":54}},"24":{"start":{"line":71,"column":6},"end":{"line":71,"column":65}},"25":{"start":{"line":71,"column":43},"end":{"line":71,"column":62}},"26":{"start":{"line":74,"column":6},"end":{"line":74,"column":38}},"27":{"start":{"line":78,"column":4},"end":{"line":89,"column":6}},"28":{"start":{"line":80,"column":8},"end":{"line":84,"column":null}},"29":{"start":{"line":81,"column":10},"end":{"line":83,"column":null}},"30":{"start":{"line":82,"column":12},"end":{"line":82,"column":37}},"31":{"start":{"line":86,"column":35},"end":{"line":86,"column":69}},"32":{"start":{"line":87,"column":8},"end":{"line":87,"column":46}},"33":{"start":{"line":91,"column":4},"end":{"line":91,"column":24}},"34":{"start":{"line":92,"column":4},"end":{"line":92,"column":28}},"35":{"start":{"line":106,"column":21},"end":{"line":106,"column":55}},"36":{"start":{"line":107,"column":4},"end":{"line":107,"column":39}},"37":{"start":{"line":116,"column":15},"end":{"line":116,"column":35}},"38":{"start":{"line":117,"column":30},"end":{"line":117,"column":87}},"39":{"start":{"line":118,"column":4},"end":{"line":118,"column":25}},"40":{"start":{"line":127,"column":19},"end":{"line":127,"column":48}},"41":{"start":{"line":128,"column":30},"end":{"line":128,"column":61}},"42":{"start":{"line":129,"column":4},"end":{"line":129,"column":25}},"43":{"start":{"line":138,"column":30},"end":{"line":138,"column":60}},"44":{"start":{"line":139,"column":4},"end":{"line":139,"column":25}},"45":{"start":{"line":148,"column":30},"end":{"line":148,"column":61}},"46":{"start":{"line":149,"column":4},"end":{"line":149,"column":25}},"47":{"start":{"line":163,"column":22},"end":{"line":163,"column":59}},"48":{"start":{"line":164,"column":4},"end":{"line":164,"column":52}},"49":{"start":{"line":164,"column":41},"end":{"line":164,"column":52}},"50":{"start":{"line":166,"column":22},"end":{"line":166,"column":63}},"51":{"start":{"line":167,"column":22},"end":{"line":167,"column":49}},"52":{"start":{"line":168,"column":15},"end":{"line":168,"column":35}},"53":{"start":{"line":170,"column":81},"end":{"line":170,"column":84}},"54":{"start":{"line":171,"column":52},"end":{"line":171,"column":55}},"55":{"start":{"line":172,"column":53},"end":{"line":172,"column":56}},"56":{"start":{"line":173,"column":39},"end":{"line":173,"column":42}},"57":{"start":{"line":177,"column":20},"end":{"line":186,"column":6}},"58":{"start":{"line":178,"column":48},"end":{"line":178,"column":58}},"59":{"start":{"line":180,"column":6},"end":{"line":183,"column":null}},"60":{"start":{"line":181,"column":26},"end":{"line":181,"column":39}},"61":{"start":{"line":182,"column":8},"end":{"line":182,"column":38}},"62":{"start":{"line":185,"column":6},"end":{"line":185,"column":20}},"63":{"start":{"line":189,"column":21},"end":{"line":189,"column":77}},"64":{"start":{"line":190,"column":23},"end":{"line":190,"column":35}},"65":{"start":{"line":192,"column":4},"end":{"line":196,"column":null}},"66":{"start":{"line":193,"column":6},"end":{"line":195,"column":null}},"67":{"start":{"line":194,"column":8},"end":{"line":194,"column":27}},"68":{"start":{"line":199,"column":29},"end":{"line":199,"column":85}},"69":{"start":{"line":202,"column":20},"end":{"line":236,"column":6}},"70":{"start":{"line":203,"column":21},"end":{"line":233,"column":8}},"71":{"start":{"line":205,"column":8},"end":{"line":230,"column":null}},"72":{"start":{"line":207,"column":31},"end":{"line":207,"column":36}},"73":{"start":{"line":210,"column":10},"end":{"line":216,"column":null}},"74":{"start":{"line":211,"column":12},"end":{"line":215,"column":null}},"75":{"start":{"line":212,"column":14},"end":{"line":212,"column":42}},"76":{"start":{"line":213,"column":14},"end":{"line":213,"column":36}},"77":{"start":{"line":214,"column":14},"end":{"line":214,"column":20}},"78":{"start":{"line":219,"column":10},"end":{"line":229,"column":null}},"79":{"start":{"line":220,"column":12},"end":{"line":225,"column":null}},"80":{"start":{"line":221,"column":14},"end":{"line":221,"column":95}},"81":{"start":{"line":221,"column":82},"end":{"line":221,"column":95}},"82":{"start":{"line":224,"column":14},"end":{"line":224,"column":77}},"83":{"start":{"line":224,"column":64},"end":{"line":224,"column":77}},"84":{"start":{"line":228,"column":12},"end":{"line":228,"column":57}},"85":{"start":{"line":228,"column":44},"end":{"line":228,"column":57}},"86":{"start":{"line":232,"column":8},"end":{"line":232,"column":20}},"87":{"start":{"line":235,"column":6},"end":{"line":235,"column":30}},"88":{"start":{"line":239,"column":4},"end":{"line":264,"column":null}},"89":{"start":{"line":241,"column":6},"end":{"line":247,"column":null}},"90":{"start":{"line":242,"column":8},"end":{"line":246,"column":11}},"91":{"start":{"line":245,"column":43},"end":{"line":245,"column":48}},"92":{"start":{"line":250,"column":6},"end":{"line":263,"column":null}},"93":{"start":{"line":251,"column":8},"end":{"line":258,"column":null}},"94":{"start":{"line":252,"column":10},"end":{"line":252,"column":75}},"95":{"start":{"line":253,"column":10},"end":{"line":253,"column":75}},"96":{"start":{"line":256,"column":10},"end":{"line":256,"column":77}},"97":{"start":{"line":257,"column":10},"end":{"line":257,"column":49}},"98":{"start":{"line":261,"column":8},"end":{"line":261,"column":71}},"99":{"start":{"line":262,"column":8},"end":{"line":262,"column":66}},"100":{"start":{"line":268,"column":4},"end":{"line":276,"column":null}},"101":{"start":{"line":269,"column":6},"end":{"line":271,"column":14}},"102":{"start":{"line":274,"column":6},"end":{"line":274,"column":41}},"103":{"start":{"line":274,"column":33},"end":{"line":274,"column":41}},"104":{"start":{"line":275,"column":6},"end":{"line":275,"column":68}},"105":{"start":{"line":278,"column":28},"end":{"line":280,"column":11}},"106":{"start":{"line":282,"column":27},"end":{"line":288,"column":6}},"107":{"start":{"line":283,"column":6},"end":{"line":287,"column":null}},"108":{"start":{"line":284,"column":21},"end":{"line":284,"column":54}},"109":{"start":{"line":285,"column":23},"end":{"line":285,"column":55}},"110":{"start":{"line":286,"column":23},"end":{"line":286,"column":55}},"111":{"start":{"line":290,"column":4},"end":{"line":290,"column":26}},"112":{"start":{"line":303,"column":29},"end":{"line":303,"column":61}},"113":{"start":{"line":304,"column":4},"end":{"line":304,"column":24}},"114":{"start":{"line":8,"column":0},"end":{"line":8,"column":22}}},"fnMap":{"0":{"name":"(anonymous_0)","decl":{"start":{"line":10,"column":2},"end":{"line":10,"column":null}},"loc":{"start":{"line":13,"column":70},"end":{"line":16,"column":3}}},"1":{"name":"(anonymous_1)","decl":{"start":{"line":27,"column":9},"end":{"line":27,"column":20}},"loc":{"start":{"line":29,"column":29},"end":{"line":47,"column":3}}},"2":{"name":"(anonymous_2)","decl":{"start":{"line":38,"column":41},"end":{"line":38,"column":42}},"loc":{"start":{"line":38,"column":48},"end":{"line":38,"column":82}}},"3":{"name":"(anonymous_3)","decl":{"start":{"line":42,"column":40},"end":{"line":42,"column":41}},"loc":{"start":{"line":42,"column":62},"end":{"line":42,"column":101}}},"4":{"name":"(anonymous_4)","decl":{"start":{"line":58,"column":9},"end":{"line":58,"column":14}},"loc":{"start":{"line":60,"column":29},"end":{"line":93,"column":3}}},"5":{"name":"(anonymous_5)","decl":{"start":{"line":71,"column":35},"end":{"line":71,"column":36}},"loc":{"start":{"line":71,"column":43},"end":{"line":71,"column":62}}},"6":{"name":"(anonymous_6)","decl":{"start":{"line":79,"column":21},"end":{"line":79,"column":26}},"loc":{"start":{"line":79,"column":48},"end":{"line":88,"column":7}}},"7":{"name":"(anonymous_7)","decl":{"start":{"line":101,"column":9},"end":{"line":101,"column":14}},"loc":{"start":{"line":104,"column":44},"end":{"line":108,"column":3}}},"8":{"name":"(anonymous_8)","decl":{"start":{"line":115,"column":9},"end":{"line":115,"column":24}},"loc":{"start":{"line":115,"column":70},"end":{"line":119,"column":3}}},"9":{"name":"(anonymous_9)","decl":{"start":{"line":126,"column":9},"end":{"line":126,"column":14}},"loc":{"start":{"line":126,"column":71},"end":{"line":130,"column":3}}},"10":{"name":"(anonymous_10)","decl":{"start":{"line":137,"column":9},"end":{"line":137,"column":23}},"loc":{"start":{"line":137,"column":64},"end":{"line":140,"column":3}}},"11":{"name":"(anonymous_11)","decl":{"start":{"line":147,"column":9},"end":{"line":147,"column":14}},"loc":{"start":{"line":147,"column":65},"end":{"line":150,"column":3}}},"12":{"name":"(anonymous_12)","decl":{"start":{"line":159,"column":9},"end":{"line":159,"column":14}},"loc":{"start":{"line":161,"column":46},"end":{"line":291,"column":3}}},"13":{"name":"(anonymous_13)","decl":{"start":{"line":177,"column":34},"end":{"line":177,"column":35}},"loc":{"start":{"line":177,"column":43},"end":{"line":186,"column":5}}},"14":{"name":"(anonymous_14)","decl":{"start":{"line":202,"column":34},"end":{"line":202,"column":35}},"loc":{"start":{"line":202,"column":46},"end":{"line":236,"column":5}}},"15":{"name":"(anonymous_15)","decl":{"start":{"line":203,"column":45},"end":{"line":203,"column":46}},"loc":{"start":{"line":203,"column":56},"end":{"line":233,"column":7}}},"16":{"name":"(anonymous_16)","decl":{"start":{"line":245,"column":36},"end":{"line":245,"column":37}},"loc":{"start":{"line":245,"column":43},"end":{"line":245,"column":48}}},"17":{"name":"(anonymous_17)","decl":{"start":{"line":282,"column":41},"end":{"line":282,"column":42}},"loc":{"start":{"line":282,"column":47},"end":{"line":288,"column":5}}},"18":{"name":"(anonymous_18)","decl":{"start":{"line":299,"column":9},"end":{"line":299,"column":14}},"loc":{"start":{"line":301,"column":46},"end":{"line":305,"column":3}}}},"branchMap":{"0":{"loc":{"start":{"line":31,"column":24},"end":{"line":31,"column":67}},"type":"cond-expr","locations":[{"start":{"line":31,"column":48},"end":{"line":31,"column":54}},{"start":{"line":31,"column":57},"end":{"line":31,"column":67}}]},"1":{"loc":{"start":{"line":32,"column":4},"end":{"line":32,"column":56}},"type":"if","locations":[{"start":{"line":32,"column":4},"end":{"line":32,"column":56}}]},"2":{"loc":{"start":{"line":32,"column":8},"end":{"line":32,"column":43}},"type":"binary-expr","locations":[{"start":{"line":32,"column":8},"end":{"line":32,"column":15}},{"start":{"line":32,"column":19},"end":{"line":32,"column":43}}]},"3":{"loc":{"start":{"line":36,"column":4},"end":{"line":43,"column":null}},"type":"if","locations":[{"start":{"line":36,"column":4},"end":{"line":43,"column":null}},{"start":{"line":40,"column":9},"end":{"line":43,"column":null}}]},"4":{"loc":{"start":{"line":62,"column":24},"end":{"line":62,"column":67}},"type":"cond-expr","locations":[{"start":{"line":62,"column":48},"end":{"line":62,"column":54}},{"start":{"line":62,"column":57},"end":{"line":62,"column":67}}]},"5":{"loc":{"start":{"line":63,"column":4},"end":{"line":63,"column":56}},"type":"if","locations":[{"start":{"line":63,"column":4},"end":{"line":63,"column":56}}]},"6":{"loc":{"start":{"line":63,"column":8},"end":{"line":63,"column":43}},"type":"binary-expr","locations":[{"start":{"line":63,"column":8},"end":{"line":63,"column":15}},{"start":{"line":63,"column":19},"end":{"line":63,"column":43}}]},"7":{"loc":{"start":{"line":69,"column":4},"end":{"line":75,"column":null}},"type":"if","locations":[{"start":{"line":69,"column":4},"end":{"line":75,"column":null}},{"start":{"line":73,"column":9},"end":{"line":75,"column":null}}]},"8":{"loc":{"start":{"line":81,"column":10},"end":{"line":83,"column":null}},"type":"if","locations":[{"start":{"line":81,"column":10},"end":{"line":83,"column":null}}]},"9":{"loc":{"start":{"line":81,"column":14},"end":{"line":81,"column":111}},"type":"binary-expr","locations":[{"start":{"line":81,"column":14},"end":{"line":81,"column":25}},{"start":{"line":81,"column":29},"end":{"line":81,"column":55}},{"start":{"line":81,"column":59},"end":{"line":81,"column":79}},{"start":{"line":81,"column":83},"end":{"line":81,"column":111}}]},"10":{"loc":{"start":{"line":104,"column":4},"end":{"line":104,"column":44}},"type":"default-arg","locations":[{"start":{"line":104,"column":41},"end":{"line":104,"column":44}}]},"11":{"loc":{"start":{"line":161,"column":4},"end":{"line":161,"column":46}},"type":"default-arg","locations":[{"start":{"line":161,"column":43},"end":{"line":161,"column":46}}]},"12":{"loc":{"start":{"line":163,"column":22},"end":{"line":163,"column":59}},"type":"cond-expr","locations":[{"start":{"line":163,"column":44},"end":{"line":163,"column":48}},{"start":{"line":163,"column":51},"end":{"line":163,"column":59}}]},"13":{"loc":{"start":{"line":164,"column":4},"end":{"line":164,"column":52}},"type":"if","locations":[{"start":{"line":164,"column":4},"end":{"line":164,"column":52}}]},"14":{"loc":{"start":{"line":164,"column":8},"end":{"line":164,"column":39}},"type":"binary-expr","locations":[{"start":{"line":164,"column":8},"end":{"line":164,"column":13}},{"start":{"line":164,"column":17},"end":{"line":164,"column":39}}]},"15":{"loc":{"start":{"line":189,"column":21},"end":{"line":189,"column":77}},"type":"cond-expr","locations":[{"start":{"line":189,"column":55},"end":{"line":189,"column":71}},{"start":{"line":189,"column":74},"end":{"line":189,"column":77}}]},"16":{"loc":{"start":{"line":193,"column":6},"end":{"line":195,"column":null}},"type":"if","locations":[{"start":{"line":193,"column":6},"end":{"line":195,"column":null}}]},"17":{"loc":{"start":{"line":193,"column":10},"end":{"line":193,"column":65}},"type":"binary-expr","locations":[{"start":{"line":193,"column":10},"end":{"line":193,"column":40}},{"start":{"line":193,"column":44},"end":{"line":193,"column":65}}]},"18":{"loc":{"start":{"line":211,"column":12},"end":{"line":215,"column":null}},"type":"if","locations":[{"start":{"line":211,"column":12},"end":{"line":215,"column":null}}]},"19":{"loc":{"start":{"line":211,"column":16},"end":{"line":211,"column":62}},"type":"binary-expr","locations":[{"start":{"line":211,"column":16},"end":{"line":211,"column":34}},{"start":{"line":211,"column":38},"end":{"line":211,"column":62}}]},"20":{"loc":{"start":{"line":219,"column":10},"end":{"line":229,"column":null}},"type":"if","locations":[{"start":{"line":219,"column":10},"end":{"line":229,"column":null}},{"start":{"line":227,"column":15},"end":{"line":229,"column":null}}]},"21":{"loc":{"start":{"line":220,"column":12},"end":{"line":225,"column":null}},"type":"if","locations":[{"start":{"line":220,"column":12},"end":{"line":225,"column":null}},{"start":{"line":223,"column":17},"end":{"line":225,"column":null}}]},"22":{"loc":{"start":{"line":220,"column":16},"end":{"line":220,"column":96}},"type":"binary-expr","locations":[{"start":{"line":220,"column":16},"end":{"line":220,"column":51}},{"start":{"line":220,"column":55},"end":{"line":220,"column":96}}]},"23":{"loc":{"start":{"line":221,"column":14},"end":{"line":221,"column":95}},"type":"if","locations":[{"start":{"line":221,"column":14},"end":{"line":221,"column":95}}]},"24":{"loc":{"start":{"line":224,"column":14},"end":{"line":224,"column":77}},"type":"if","locations":[{"start":{"line":224,"column":14},"end":{"line":224,"column":77}}]},"25":{"loc":{"start":{"line":228,"column":12},"end":{"line":228,"column":57}},"type":"if","locations":[{"start":{"line":228,"column":12},"end":{"line":228,"column":57}}]},"26":{"loc":{"start":{"line":241,"column":6},"end":{"line":247,"column":null}},"type":"if","locations":[{"start":{"line":241,"column":6},"end":{"line":247,"column":null}}]},"27":{"loc":{"start":{"line":250,"column":6},"end":{"line":263,"column":null}},"type":"if","locations":[{"start":{"line":250,"column":6},"end":{"line":263,"column":null}},{"start":{"line":260,"column":11},"end":{"line":263,"column":null}}]},"28":{"loc":{"start":{"line":251,"column":8},"end":{"line":258,"column":null}},"type":"if","locations":[{"start":{"line":251,"column":8},"end":{"line":258,"column":null}},{"start":{"line":255,"column":13},"end":{"line":258,"column":null}}]},"29":{"loc":{"start":{"line":269,"column":24},"end":{"line":271,"column":13}},"type":"cond-expr","locations":[{"start":{"line":270,"column":10},"end":{"line":270,"column":43}},{"start":{"line":271,"column":10},"end":{"line":271,"column":13}}]},"30":{"loc":{"start":{"line":274,"column":6},"end":{"line":274,"column":41}},"type":"if","locations":[{"start":{"line":274,"column":6},"end":{"line":274,"column":41}}]},"31":{"loc":{"start":{"line":278,"column":28},"end":{"line":280,"column":11}},"type":"cond-expr","locations":[{"start":{"line":279,"column":8},"end":{"line":279,"column":39}},{"start":{"line":280,"column":8},"end":{"line":280,"column":11}}]},"32":{"loc":{"start":{"line":283,"column":6},"end":{"line":287,"column":null}},"type":"switch","locations":[{"start":{"line":284,"column":8},"end":{"line":284,"column":54}},{"start":{"line":285,"column":8},"end":{"line":285,"column":55}},{"start":{"line":286,"column":8},"end":{"line":286,"column":55}}]},"33":{"loc":{"start":{"line":301,"column":4},"end":{"line":301,"column":46}},"type":"default-arg","locations":[{"start":{"line":301,"column":43},"end":{"line":301,"column":46}}]}},"s":{"0":1,"1":1,"2":4,"3":4,"4":4,"5":4,"6":4,"7":4,"8":0,"9":4,"10":0,"11":0,"12":0,"13":4,"14":4,"15":4,"16":4,"17":4,"18":3,"19":3,"20":0,"21":3,"22":3,"23":1,"24":1,"25":1,"26":2,"27":3,"28":4,"29":24,"30":0,"31":4,"32":4,"33":3,"34":3,"35":0,"36":0,"37":0,"38":0,"39":0,"40":0,"41":0,"42":0,"43":0,"44":0,"45":0,"46":0,"47":2,"48":2,"49":0,"50":2,"51":2,"52":2,"53":2,"54":2,"55":2,"56":2,"57":2,"58":6,"59":6,"60":6,"61":6,"62":6,"63":2,"64":2,"65":2,"66":4,"67":1,"68":2,"69":2,"70":6,"71":9,"72":9,"73":9,"74":9,"75":0,"76":0,"77":0,"78":9,"79":0,"80":0,"81":0,"82":0,"83":0,"84":9,"85":6,"86":3,"87":6,"88":2,"89":6,"90":0,"91":0,"92":6,"93":3,"94":3,"95":3,"96":0,"97":0,"98":3,"99":3,"100":2,"101":2,"102":0,"103":0,"104":0,"105":2,"106":2,"107":6,"108":0,"109":3,"110":3,"111":2,"112":0,"113":0,"114":1},"f":{"0":4,"1":4,"2":0,"3":4,"4":3,"5":1,"6":4,"7":0,"8":0,"9":0,"10":0,"11":0,"12":2,"13":6,"14":6,"15":9,"16":0,"17":6,"18":0},"b":{"0":[0,4],"1":[0],"2":[4,4],"3":[0,4],"4":[2,1],"5":[0],"6":[3,3],"7":[1,2],"8":[0],"9":[24,8,3,2],"10":[0],"11":[0],"12":[2,0],"13":[0],"14":[2,2],"15":[0,2],"16":[1],"17":[4,1],"18":[0],"19":[9,9],"20":[0,9],"21":[0,0],"22":[0,0],"23":[0],"24":[0],"25":[6],"26":[0],"27":[3,3],"28":[3,0],"29":[2,0],"30":[0],"31":[2,0],"32":[0,3,3],"33":[0]}}
,"C:\\Cloud\\Projects\\bechara\\bechara-nestjs-orm\\source\\schema\\schema.enum.ts": {"path":"C:\\Cloud\\Projects\\bechara\\bechara-nestjs-orm\\source\\schema\\schema.enum.ts","statementMap":{"0":{"start":{"line":1,"column":0},"end":{"line":1,"column":null}},"1":{"start":{"line":2,"column":2},"end":{"line":2,"column":null}},"2":{"start":{"line":3,"column":2},"end":{"line":3,"column":null}},"3":{"start":{"line":4,"column":2},"end":{"line":4,"column":null}},"4":{"start":{"line":7,"column":0},"end":{"line":7,"column":null}},"5":{"start":{"line":8,"column":2},"end":{"line":8,"column":null}},"6":{"start":{"line":9,"column":2},"end":{"line":9,"column":null}}},"fnMap":{"0":{"name":"(anonymous_0)","decl":{"start":{"line":1,"column":0},"end":{"line":1,"column":12}},"loc":{"start":{"line":1,"column":28},"end":{"line":5,"column":1}}},"1":{"name":"(anonymous_1)","decl":{"start":{"line":7,"column":0},"end":{"line":7,"column":12}},"loc":{"start":{"line":7,"column":32},"end":{"line":10,"column":1}}}},"branchMap":{"0":{"loc":{"start":{"line":1,"column":12},"end":{"line":1,"column":null}},"type":"binary-expr","locations":[{"start":{"line":1,"column":12},"end":{"line":1,"column":28}},{"start":{"line":1,"column":12},"end":{"line":1,"column":null}}]},"1":{"loc":{"start":{"line":7,"column":12},"end":{"line":7,"column":null}},"type":"binary-expr","locations":[{"start":{"line":7,"column":12},"end":{"line":7,"column":32}},{"start":{"line":7,"column":12},"end":{"line":7,"column":null}}]}},"s":{"0":1,"1":1,"2":1,"3":1,"4":1,"5":1,"6":1},"f":{"0":1,"1":1},"b":{"0":[1,1],"1":[1,1]}}
,"C:\\Cloud\\Projects\\bechara\\bechara-nestjs-orm\\source\\schema\\schema.module.ts": {"path":"C:\\Cloud\\Projects\\bechara\\bechara-nestjs-orm\\source\\schema\\schema.module.ts","statementMap":{"0":{"start":{"line":1,"column":0},"end":{"line":1,"column":80}},"1":{"start":{"line":3,"column":0},"end":{"line":3,"column":53}},"2":{"start":{"line":5,"column":0},"end":{"line":5,"column":49}},"3":{"start":{"line":22,"column":25},"end":{"line":66,"column":null}},"4":{"start":{"line":29,"column":4},"end":{"line":41,"column":6}},"5":{"start":{"line":49,"column":4},"end":{"line":63,"column":6}},"6":{"start":{"line":22,"column":13},"end":{"line":66,"column":null}},"7":{"start":{"line":22,"column":13},"end":{"line":22,"column":25}}},"fnMap":{"0":{"name":"(anonymous_1)","decl":{"start":{"line":28,"column":9},"end":{"line":28,"column":15}},"loc":{"start":{"line":28,"column":53},"end":{"line":42,"column":3}}},"1":{"name":"(anonymous_2)","decl":{"start":{"line":48,"column":9},"end":{"line":48,"column":15}},"loc":{"start":{"line":48,"column":69},"end":{"line":64,"column":3}}}},"branchMap":{"0":{"loc":{"start":{"line":48,"column":30},"end":{"line":48,"column":69}},"type":"default-arg","locations":[{"start":{"line":48,"column":66},"end":{"line":48,"column":69}}]}},"s":{"0":1,"1":1,"2":1,"3":1,"4":0,"5":1,"6":1,"7":1},"f":{"0":0,"1":1},"b":{"0":[0]}}
,"C:\\Cloud\\Projects\\bechara\\bechara-nestjs-orm\\source\\schema\\schema.service.ts": {"path":"C:\\Cloud\\Projects\\bechara\\bechara-nestjs-orm\\source\\schema\\schema.service.ts","statementMap":{"0":{"start":{"line":1,"column":0},"end":{"line":1,"column":70}},"1":{"start":{"line":2,"column":0},"end":{"line":2,"column":43}},"2":{"start":{"line":4,"column":0},"end":{"line":4,"column":71}},"3":{"start":{"line":8,"column":0},"end":{"line":84,"column":null}},"4":{"start":{"line":12,"column":21},"end":{"line":12,"column":62}},"5":{"start":{"line":13,"column":21},"end":{"line":13,"column":31}},"6":{"start":{"line":14,"column":21},"end":{"line":14,"column":33}},"7":{"start":{"line":16,"column":20},"end":{"line":16,"column":42}},"8":{"start":{"line":18,"column":4},"end":{"line":20,"column":null}},"9":{"start":{"line":19,"column":6},"end":{"line":19,"column":36}},"10":{"start":{"line":29,"column":4},"end":{"line":29,"column":30}},"11":{"start":{"line":30,"column":4},"end":{"line":30,"column":44}},"12":{"start":{"line":31,"column":4},"end":{"line":31,"column":88}},"13":{"start":{"line":31,"column":45},"end":{"line":31,"column":75}},"14":{"start":{"line":40,"column":21},"end":{"line":40,"column":28}},"15":{"start":{"line":41,"column":4},"end":{"line":41,"column":61}},"16":{"start":{"line":43,"column":22},"end":{"line":43,"column":56}},"17":{"start":{"line":44,"column":19},"end":{"line":44,"column":76}},"18":{"start":{"line":45,"column":4},"end":{"line":45,"column":64}},"19":{"start":{"line":47,"column":4},"end":{"line":50,"column":null}},"20":{"start":{"line":48,"column":6},"end":{"line":48,"column":62}},"21":{"start":{"line":49,"column":6},"end":{"line":49,"column":53}},"22":{"start":{"line":52,"column":17},"end":{"line":52,"column":54}},"23":{"start":{"line":53,"column":22},"end":{"line":53,"column":78}},"24":{"start":{"line":54,"column":4},"end":{"line":54,"column":70}},"25":{"start":{"line":56,"column":4},"end":{"line":63,"column":null}},"26":{"start":{"line":57,"column":6},"end":{"line":57,"column":43}},"27":{"start":{"line":58,"column":6},"end":{"line":58,"column":69}},"28":{"start":{"line":61,"column":6},"end":{"line":61,"column":49}},"29":{"start":{"line":62,"column":6},"end":{"line":62,"column":90}},"30":{"start":{"line":65,"column":4},"end":{"line":68,"column":6}},"31":{"start":{"line":75,"column":4},"end":{"line":75,"column":62}},"32":{"start":{"line":77,"column":22},"end":{"line":77,"column":56}},"33":{"start":{"line":78,"column":4},"end":{"line":78,"column":33}},"34":{"start":{"line":79,"column":4},"end":{"line":79,"column":35}},"35":{"start":{"line":81,"column":4},"end":{"line":81,"column":65}},"36":{"start":{"line":8,"column":13},"end":{"line":84,"column":null}},"37":{"start":{"line":8,"column":13},"end":{"line":8,"column":26}}},"fnMap":{"0":{"name":"(anonymous_4)","decl":{"start":{"line":10,"column":2},"end":{"line":10,"column":null}},"loc":{"start":{"line":14,"column":43},"end":{"line":21,"column":3}}},"1":{"name":"(anonymous_5)","decl":{"start":{"line":28,"column":10},"end":{"line":28,"column":34}},"loc":{"start":{"line":28,"column":80},"end":{"line":32,"column":3}}},"2":{"name":"(anonymous_6)","decl":{"start":{"line":31,"column":38},"end":{"line":31,"column":39}},"loc":{"start":{"line":31,"column":45},"end":{"line":31,"column":75}}},"3":{"name":"(anonymous_7)","decl":{"start":{"line":39,"column":9},"end":{"line":39,"column":14}},"loc":{"start":{"line":39,"column":60},"end":{"line":69,"column":3}}},"4":{"name":"(anonymous_8)","decl":{"start":{"line":74,"column":9},"end":{"line":74,"column":14}},"loc":{"start":{"line":74,"column":26},"end":{"line":82,"column":3}}}},"branchMap":{"0":{"loc":{"start":{"line":12,"column":21},"end":{"line":12,"column":65}},"type":"default-arg","locations":[{"start":{"line":12,"column":62},"end":{"line":12,"column":65}}]},"1":{"loc":{"start":{"line":18,"column":4},"end":{"line":20,"column":null}},"type":"if","locations":[{"start":{"line":18,"column":4},"end":{"line":20,"column":null}}]},"2":{"loc":{"start":{"line":29,"column":4},"end":{"line":29,"column":30}},"type":"binary-expr","locations":[{"start":{"line":29,"column":4},"end":{"line":29,"column":21}},{"start":{"line":29,"column":4},"end":{"line":29,"column":29}}]},"3":{"loc":{"start":{"line":39,"column":26},"end":{"line":39,"column":60}},"type":"default-arg","locations":[{"start":{"line":39,"column":57},"end":{"line":39,"column":60}}]},"4":{"loc":{"start":{"line":47,"column":4},"end":{"line":50,"column":null}},"type":"if","locations":[{"start":{"line":47,"column":4},"end":{"line":50,"column":null}}]}},"s":{"0":1,"1":1,"2":1,"3":1,"4":1,"5":1,"6":1,"7":1,"8":1,"9":0,"10":2,"11":2,"12":2,"13":7,"14":1,"15":1,"16":1,"17":1,"18":1,"19":1,"20":0,"21":0,"22":1,"23":1,"24":1,"25":1,"26":1,"27":1,"28":0,"29":0,"30":1,"31":1,"32":1,"33":1,"34":1,"35":1,"36":1,"37":1},"f":{"0":1,"1":2,"2":7,"3":1,"4":1},"b":{"0":[1],"1":[0],"2":[2,1],"3":[1],"4":[0]}}
}
