TN:
SF:source\orm\orm.dto.ts
FNF:0
FNH:0
DA:1,1
DA:3,1
DA:5,1
DA:9,1
DA:13,1
DA:18,1
DA:23,1
DA:28,1
DA:32,1
DA:35,1
DA:38,1
DA:41,1
DA:44,1
DA:47,1
DA:50,1
LF:15
LH:15
BRF:0
BRH:0
end_of_record
TN:
SF:source\orm\orm.entity.ts
FN:10,(anonymous_2)
FN:19,(anonymous_3)
FN:43,(anonymous_4)
FN:51,(anonymous_5)
FN:54,(anonymous_6)
FN:81,(anonymous_7)
FNF:6
FNH:5
FNDA:12,(anonymous_2)
FNDA:12,(anonymous_3)
FNDA:0,(anonymous_4)
FNDA:14,(anonymous_5)
FNDA:2,(anonymous_6)
FNDA:14,(anonymous_7)
DA:1,1
DA:2,1
DA:4,1
DA:11,12
DA:21,12
DA:22,12
DA:27,1
DA:31,1
DA:35,1
DA:39,1
DA:43,1
DA:47,1
DA:51,1
DA:54,2
DA:56,14
DA:61,14
DA:65,1
DA:69,1
DA:73,1
DA:77,1
DA:81,1
DA:85,14
LF:22
LH:22
BRF:0
BRH:0
end_of_record
TN:
SF:source\orm\orm.enum.ts
FN:1,(anonymous_0)
FN:6,(anonymous_1)
FN:12,(anonymous_2)
FNF:3
FNH:3
FNDA:1,(anonymous_0)
FNDA:1,(anonymous_1)
FNDA:1,(anonymous_2)
DA:1,1
DA:2,1
DA:3,1
DA:6,1
DA:7,1
DA:8,1
DA:9,1
DA:12,1
DA:13,1
DA:14,1
LF:10
LH:10
BRDA:1,0,0,1
BRDA:1,0,1,1
BRDA:6,1,0,1
BRDA:6,1,1,1
BRDA:12,2,0,1
BRDA:12,2,1,1
BRF:6
BRH:6
end_of_record
TN:
SF:source\orm\orm.interceptor.ts
FN:10,(anonymous_2)
FN:24,(anonymous_3)
FN:32,(anonymous_4)
FN:45,(anonymous_5)
FN:55,(anonymous_6)
FN:68,(anonymous_7)
FN:73,(anonymous_8)
FN:83,(anonymous_9)
FN:106,(anonymous_10)
FNF:9
FNH:1
FNDA:1,(anonymous_2)
FNDA:0,(anonymous_3)
FNDA:0,(anonymous_4)
FNDA:0,(anonymous_5)
FNDA:0,(anonymous_6)
FNDA:0,(anonymous_7)
FNDA:0,(anonymous_8)
FNDA:0,(anonymous_9)
FNDA:0,(anonymous_10)
DA:1,1
DA:2,1
DA:4,1
DA:5,1
DA:8,1
DA:11,1
DA:12,1
DA:25,0
DA:26,0
DA:27,0
DA:29,0
DA:33,0
DA:34,0
DA:46,0
DA:48,0
DA:49,0
DA:50,0
DA:51,0
DA:54,0
DA:55,0
DA:69,0
DA:72,0
DA:73,0
DA:75,0
DA:76,0
DA:77,0
DA:82,0
DA:83,0
DA:85,0
DA:86,0
DA:87,0
DA:92,0
DA:93,0
DA:94,0
DA:95,0
DA:98,0
DA:107,0
DA:109,0
DA:110,0
DA:111,0
DA:114,0
DA:117,0
DA:118,0
DA:120,0
DA:121,0
DA:123,0
DA:124,0
LF:47
LH:7
BRDA:45,0,0,0
BRDA:48,1,0,0
BRDA:69,2,0,0
BRDA:72,3,0,0
BRDA:72,3,1,0
BRDA:73,4,0,0
BRDA:73,4,1,0
BRDA:82,5,0,0
BRDA:82,5,1,0
BRDA:82,6,0,0
BRDA:82,6,1,0
BRDA:83,7,0,0
BRDA:83,7,1,0
BRDA:92,8,0,0
BRDA:107,9,0,0
BRDA:107,10,0,0
BRDA:107,10,1,0
BRDA:107,10,2,0
BRDA:109,11,0,0
BRDA:118,12,0,0
BRDA:120,13,0,0
BRDA:120,13,1,0
BRDA:120,14,0,0
BRDA:120,14,1,0
BRDA:123,15,0,0
BRF:25
BRH:0
end_of_record
TN:
SF:source\orm\orm.module.ts
FN:21,(anonymous_1)
FN:44,(anonymous_2)
FN:47,(anonymous_3)
FN:53,(anonymous_4)
FN:73,(anonymous_5)
FN:83,(anonymous_6)
FN:92,(anonymous_7)
FNF:7
FNH:7
FNDA:1,(anonymous_1)
FNDA:1,(anonymous_2)
FNDA:235,(anonymous_3)
FNDA:1,(anonymous_4)
FNDA:1,(anonymous_5)
FNDA:217,(anonymous_6)
FNDA:1,(anonymous_7)
DA:1,1
DA:3,1
DA:6,1
DA:7,1
DA:8,1
DA:9,1
DA:13,1
DA:22,1
DA:26,1
DA:38,1
DA:44,1
DA:47,235
DA:53,1
DA:78,1
DA:79,1
DA:81,1
DA:83,217
DA:92,1
LF:18
LH:18
BRDA:22,0,0,1
BRDA:22,0,1,0
BRDA:23,1,0,1
BRDA:23,1,1,0
BRDA:67,2,0,1
BRDA:67,2,1,1
BRF:6
BRH:4
end_of_record
TN:
SF:source\orm\orm.repository.ts
FN:8,(anonymous_0)
FNF:1
FNH:1
FNDA:4,(anonymous_0)
DA:4,1
DA:6,1
DA:9,4
DA:10,4
DA:11,4
DA:13,4
LF:6
LH:6
BRDA:11,0,0,4
BRF:1
BRH:1
end_of_record
TN:
SF:source\orm\orm.subscriber.ts
FN:7,(anonymous_0)
FN:17,(anonymous_1)
FN:26,(anonymous_2)
FNF:3
FNH:2
FNDA:1,(anonymous_0)
FNDA:1,(anonymous_1)
FNDA:0,(anonymous_2)
DA:5,1
DA:8,1
DA:9,1
DA:11,1
DA:18,1
DA:19,1
DA:27,0
DA:28,0
DA:30,0
LF:9
LH:6
BRDA:19,0,0,0
BRDA:19,0,1,1
BRF:2
BRH:1
end_of_record
TN:
SF:source\orm\orm.repository\orm.repository.base.ts
FN:11,(anonymous_0)
FN:22,(anonymous_1)
FN:29,(anonymous_2)
FN:36,(anonymous_3)
FN:44,(anonymous_4)
FN:53,(anonymous_5)
FN:64,(anonymous_6)
FN:72,(anonymous_7)
FN:82,(anonymous_8)
FN:93,(anonymous_9)
FN:104,(anonymous_10)
FN:111,(anonymous_11)
FN:118,(anonymous_12)
FN:125,(anonymous_13)
FN:134,(anonymous_14)
FN:163,(anonymous_15)
FN:168,(anonymous_16)
FN:171,(anonymous_17)
FN:213,(anonymous_18)
FN:223,(anonymous_19)
FN:232,(anonymous_20)
FN:241,(anonymous_21)
FN:251,(anonymous_22)
FN:263,(anonymous_23)
FN:273,(anonymous_24)
FN:285,(anonymous_25)
FN:297,(anonymous_26)
FN:309,(anonymous_27)
FN:318,(anonymous_28)
FN:329,(anonymous_29)
FN:340,(anonymous_30)
FN:349,(anonymous_31)
FN:358,(anonymous_32)
FN:367,(anonymous_33)
FNF:34
FNH:15
FNDA:4,(anonymous_0)
FNDA:38,(anonymous_1)
FNDA:19,(anonymous_2)
FNDA:19,(anonymous_3)
FNDA:19,(anonymous_4)
FNDA:0,(anonymous_5)
FNDA:19,(anonymous_6)
FNDA:3,(anonymous_7)
FNDA:16,(anonymous_8)
FNDA:19,(anonymous_9)
FNDA:1,(anonymous_10)
FNDA:0,(anonymous_11)
FNDA:6,(anonymous_12)
FNDA:2,(anonymous_13)
FNDA:2,(anonymous_14)
FNDA:4,(anonymous_15)
FNDA:4,(anonymous_16)
FNDA:0,(anonymous_17)
FNDA:0,(anonymous_18)
FNDA:0,(anonymous_19)
FNDA:0,(anonymous_20)
FNDA:0,(anonymous_21)
FNDA:0,(anonymous_22)
FNDA:0,(anonymous_23)
FNDA:0,(anonymous_24)
FNDA:0,(anonymous_25)
FNDA:0,(anonymous_26)
FNDA:0,(anonymous_27)
FNDA:0,(anonymous_28)
FNDA:0,(anonymous_29)
FNDA:0,(anonymous_30)
FNDA:0,(anonymous_31)
FNDA:0,(anonymous_32)
FNDA:0,(anonymous_33)
DA:1,1
DA:2,1
DA:6,1
DA:9,1
DA:12,4
DA:13,4
DA:14,4
DA:16,4
DA:23,38
DA:30,19
DA:37,19
DA:45,19
DA:47,19
DA:48,19
DA:49,15
DA:52,4
DA:53,0
DA:65,19
DA:73,3
DA:74,3
DA:75,3
DA:83,16
DA:84,16
DA:85,16
DA:94,19
DA:95,1
DA:98,19
DA:105,1
DA:112,0
DA:119,6
DA:126,2
DA:127,2
DA:135,2
DA:138,2
DA:139,2
DA:142,2
DA:143,0
DA:146,2
DA:147,0
DA:150,2
DA:164,4
DA:165,4
DA:167,4
DA:168,4
DA:170,4
DA:171,0
DA:172,0
DA:175,4
DA:176,4
DA:177,4
DA:178,4
DA:179,4
DA:180,4
DA:182,4
DA:183,1
DA:188,3
DA:189,1
DA:194,2
DA:195,1
DA:200,1
DA:201,0
DA:204,1
DA:214,0
DA:224,0
DA:234,0
DA:242,0
DA:255,0
DA:264,0
DA:276,0
DA:288,0
DA:300,0
DA:310,0
DA:319,0
DA:332,0
DA:341,0
DA:350,0
DA:359,0
DA:368,0
LF:78
LH:55
BRDA:44,0,0,19
BRDA:65,1,0,18
BRDA:65,1,1,1
BRDA:73,2,0,0
BRDA:83,3,0,0
BRDA:94,4,0,1
BRDA:119,5,0,6
BRDA:119,5,1,6
BRDA:126,6,0,2
BRDA:126,6,1,2
BRDA:138,7,0,2
BRDA:138,8,0,2
BRDA:138,8,1,2
BRDA:138,8,2,2
BRDA:142,9,0,0
BRDA:142,10,0,2
BRDA:142,10,1,0
BRDA:142,10,2,0
BRDA:146,11,0,0
BRDA:170,12,0,0
BRDA:170,13,0,4
BRDA:170,13,1,0
BRDA:182,14,0,1
BRDA:182,14,1,3
BRDA:188,15,0,1
BRDA:188,15,1,2
BRDA:194,16,0,1
BRDA:194,16,1,1
BRDA:200,17,0,0
BRDA:200,18,0,1
BRDA:200,18,1,1
BRF:31
BRH:22
end_of_record
TN:
SF:source\orm\orm.repository\orm.repository.create.ts
FN:8,(anonymous_0)
FN:20,(anonymous_1)
FN:24,(anonymous_2)
FN:33,(anonymous_3)
FN:41,(anonymous_4)
FN:51,(anonymous_5)
FN:61,(anonymous_6)
FN:70,(anonymous_7)
FNF:8
FNH:8
FNDA:4,(anonymous_0)
FNDA:12,(anonymous_1)
FNDA:15,(anonymous_2)
FNDA:1,(anonymous_3)
FNDA:11,(anonymous_4)
FNDA:5,(anonymous_5)
FNDA:6,(anonymous_6)
FNDA:5,(anonymous_7)
DA:4,1
DA:6,1
DA:9,4
DA:10,4
DA:11,4
DA:13,4
DA:21,12
DA:23,12
DA:24,15
DA:34,1
DA:42,11
DA:43,11
DA:44,11
DA:52,5
DA:53,5
DA:54,5
DA:62,6
DA:63,6
DA:71,5
DA:72,5
DA:73,2
LF:21
LH:21
BRDA:21,0,0,4
BRDA:21,0,1,8
BRDA:23,1,0,12
BRDA:23,1,1,0
BRDA:23,2,0,12
BRDA:23,2,1,12
BRF:6
BRH:5
end_of_record
TN:
SF:source\orm\orm.repository\orm.repository.delete.ts
FN:8,(anonymous_0)
FN:20,(anonymous_1)
FN:32,(anonymous_2)
FN:56,(anonymous_3)
FN:68,(anonymous_4)
FN:78,(anonymous_5)
FN:91,(anonymous_6)
FN:101,(anonymous_7)
FNF:8
FNH:3
FNDA:4,(anonymous_0)
FNDA:3,(anonymous_1)
FNDA:3,(anonymous_2)
FNDA:0,(anonymous_3)
FNDA:0,(anonymous_4)
FNDA:0,(anonymous_5)
FNDA:0,(anonymous_6)
FNDA:0,(anonymous_7)
DA:4,1
DA:6,1
DA:9,4
DA:10,4
DA:11,4
DA:13,4
DA:21,3
DA:22,3
DA:23,3
DA:24,3
DA:36,3
DA:37,3
DA:38,3
DA:40,3
DA:42,0
DA:45,3
DA:46,3
DA:48,2
DA:60,0
DA:61,0
DA:69,0
DA:70,0
DA:82,0
DA:83,0
DA:84,0
DA:92,0
DA:93,0
DA:105,0
DA:106,0
LF:29
LH:17
BRDA:21,0,0,3
BRDA:21,0,1,0
BRDA:22,1,0,0
BRDA:22,2,0,3
BRDA:22,2,1,3
BRDA:34,3,0,3
BRDA:37,4,0,3
BRDA:37,4,1,0
BRDA:38,5,0,0
BRDA:38,6,0,3
BRDA:38,6,1,3
BRDA:40,7,0,0
BRDA:58,8,0,0
BRDA:80,9,0,0
BRDA:103,10,0,0
BRF:15
BRH:7
end_of_record
TN:
SF:source\orm\orm.repository\orm.repository.read.ts
FN:11,(anonymous_0)
FN:26,(anonymous_1)
FN:46,(anonymous_2)
FN:64,(anonymous_3)
FN:78,(anonymous_4)
FN:91,(anonymous_5)
FN:114,(anonymous_6)
FN:126,(anonymous_7)
FN:135,(anonymous_8)
FN:151,(anonymous_9)
FN:175,(anonymous_10)
FNF:11
FNH:6
FNDA:4,(anonymous_0)
FNDA:27,(anonymous_1)
FNDA:0,(anonymous_2)
FNDA:3,(anonymous_3)
FNDA:3,(anonymous_4)
FNDA:0,(anonymous_5)
FNDA:0,(anonymous_6)
FNDA:8,(anonymous_7)
FNDA:0,(anonymous_8)
FNDA:3,(anonymous_9)
FNDA:0,(anonymous_10)
DA:1,1
DA:5,1
DA:7,1
DA:9,1
DA:12,4
DA:13,4
DA:14,4
DA:16,4
DA:31,27
DA:33,27
DA:36,27
DA:37,3
DA:40,27
DA:41,27
DA:42,27
DA:45,0
DA:46,0
DA:52,27
DA:53,0
DA:56,27
DA:68,3
DA:69,3
DA:70,3
DA:82,3
DA:95,0
DA:97,0
DA:98,0
DA:105,0
DA:118,0
DA:127,8
DA:130,8
DA:131,8
DA:134,0
DA:135,0
DA:141,8
DA:155,3
DA:156,3
DA:157,3
DA:158,3
DA:160,3
DA:178,0
DA:180,0
DA:181,0
DA:182,0
DA:184,0
DA:185,0
DA:186,0
DA:189,0
DA:193,0
LF:49
LH:30
BRDA:28,0,0,17
BRDA:29,1,0,27
BRDA:31,2,0,0
BRDA:31,3,0,27
BRDA:31,3,1,27
BRDA:31,3,2,0
BRDA:33,4,0,27
BRDA:33,4,1,20
BRDA:33,5,0,20
BRDA:33,5,1,20
BRDA:36,6,0,3
BRDA:36,7,0,27
BRDA:36,7,1,3
BRDA:42,8,0,27
BRDA:42,8,1,0
BRDA:52,9,0,0
BRDA:52,10,0,27
BRDA:52,10,1,0
BRDA:66,11,0,0
BRDA:80,12,0,0
BRDA:93,13,0,0
BRDA:97,14,0,0
BRDA:116,15,0,0
BRDA:126,16,0,8
BRDA:127,17,0,0
BRDA:127,18,0,8
BRDA:127,18,1,8
BRDA:127,18,2,0
BRDA:153,19,0,0
BRDA:155,20,0,3
BRDA:155,20,1,1
BRDA:156,21,0,3
BRDA:156,21,1,1
BRDA:157,22,0,3
BRDA:157,22,1,1
BRDA:158,23,0,3
BRDA:158,23,1,2
BRDA:178,24,0,0
BRDA:178,25,0,0
BRDA:178,25,1,0
BRDA:185,26,0,0
BRDA:185,26,1,0
BRF:42
BRH:24
end_of_record
TN:
SF:source\orm\orm.repository\orm.repository.update.ts
FN:10,(anonymous_0)
FN:27,(anonymous_1)
FN:38,(anonymous_2)
FN:42,(anonymous_3)
FN:58,(anonymous_4)
FN:71,(anonymous_5)
FN:79,(anonymous_6)
FN:101,(anonymous_7)
FN:115,(anonymous_8)
FN:126,(anonymous_9)
FN:137,(anonymous_10)
FN:147,(anonymous_11)
FN:159,(anonymous_12)
FN:177,(anonymous_13)
FN:202,(anonymous_14)
FN:203,(anonymous_15)
FN:245,(anonymous_16)
FN:282,(anonymous_17)
FN:299,(anonymous_18)
FNF:19
FNH:11
FNDA:4,(anonymous_0)
FNDA:4,(anonymous_1)
FNDA:0,(anonymous_2)
FNDA:4,(anonymous_3)
FNDA:3,(anonymous_4)
FNDA:1,(anonymous_5)
FNDA:4,(anonymous_6)
FNDA:0,(anonymous_7)
FNDA:0,(anonymous_8)
FNDA:0,(anonymous_9)
FNDA:0,(anonymous_10)
FNDA:0,(anonymous_11)
FNDA:2,(anonymous_12)
FNDA:6,(anonymous_13)
FNDA:6,(anonymous_14)
FNDA:9,(anonymous_15)
FNDA:0,(anonymous_16)
FNDA:6,(anonymous_17)
FNDA:0,(anonymous_18)
DA:2,1
DA:6,1
DA:8,1
DA:11,4
DA:12,4
DA:13,4
DA:15,4
DA:31,4
DA:32,4
DA:36,4
DA:37,0
DA:38,0
DA:41,4
DA:42,4
DA:45,4
DA:46,4
DA:62,3
DA:63,3
DA:65,3
DA:69,3
DA:70,1
DA:71,1
DA:74,2
DA:78,3
DA:80,4
DA:81,24
DA:82,0
DA:86,4
DA:87,4
DA:91,3
DA:92,3
DA:106,0
DA:107,0
DA:116,0
DA:117,0
DA:118,0
DA:127,0
DA:128,0
DA:129,0
DA:138,0
DA:139,0
DA:148,0
DA:149,0
DA:163,2
DA:164,2
DA:166,2
DA:167,2
DA:168,2
DA:170,2
DA:171,2
DA:172,2
DA:173,2
DA:177,2
DA:178,6
DA:180,6
DA:181,6
DA:182,6
DA:185,6
DA:189,2
DA:190,2
DA:192,2
DA:193,4
DA:194,1
DA:199,2
DA:202,2
DA:203,6
DA:205,9
DA:207,9
DA:210,9
DA:211,9
DA:212,0
DA:213,0
DA:214,0
DA:219,9
DA:220,0
DA:221,0
DA:224,0
DA:228,9
DA:232,3
DA:235,6
DA:239,2
DA:241,6
DA:242,0
DA:245,0
DA:250,6
DA:251,3
DA:252,3
DA:253,3
DA:256,0
DA:257,0
DA:261,3
DA:262,3
DA:268,2
DA:269,2
DA:274,0
DA:275,0
DA:278,2
DA:282,2
DA:283,6
DA:284,0
DA:285,3
DA:286,3
DA:290,2
DA:303,0
DA:304,0
LF:105
LH:75
BRDA:31,0,0,0
BRDA:31,0,1,4
BRDA:32,1,0,0
BRDA:32,2,0,4
BRDA:32,2,1,4
BRDA:36,3,0,0
BRDA:36,3,1,4
BRDA:62,4,0,2
BRDA:62,4,1,1
BRDA:63,5,0,0
BRDA:63,6,0,3
BRDA:63,6,1,3
BRDA:69,7,0,1
BRDA:69,7,1,2
BRDA:81,8,0,0
BRDA:81,9,0,24
BRDA:81,9,1,8
BRDA:81,9,2,3
BRDA:81,9,3,2
BRDA:104,10,0,0
BRDA:161,11,0,0
BRDA:163,12,0,2
BRDA:163,12,1,0
BRDA:164,13,0,0
BRDA:164,14,0,2
BRDA:164,14,1,2
BRDA:189,15,0,0
BRDA:189,15,1,2
BRDA:193,16,0,1
BRDA:193,17,0,4
BRDA:193,17,1,1
BRDA:211,18,0,0
BRDA:211,19,0,9
BRDA:211,19,1,9
BRDA:219,20,0,0
BRDA:219,20,1,9
BRDA:220,21,0,0
BRDA:220,21,1,0
BRDA:220,22,0,0
BRDA:220,22,1,0
BRDA:221,23,0,0
BRDA:224,24,0,0
BRDA:228,25,0,6
BRDA:241,26,0,0
BRDA:250,27,0,3
BRDA:250,27,1,3
BRDA:251,28,0,3
BRDA:251,28,1,0
BRDA:269,29,0,2
BRDA:269,29,1,0
BRDA:274,30,0,0
BRDA:278,31,0,2
BRDA:278,31,1,0
BRDA:283,32,0,0
BRDA:283,32,1,3
BRDA:283,32,2,3
BRDA:301,33,0,0
BRF:57
BRH:32
end_of_record
TN:
SF:source\schema\schema.enum.ts
FN:1,(anonymous_0)
FN:7,(anonymous_1)
FNF:2
FNH:2
FNDA:1,(anonymous_0)
FNDA:1,(anonymous_1)
DA:1,1
DA:2,1
DA:3,1
DA:4,1
DA:7,1
DA:8,1
DA:9,1
LF:7
LH:7
BRDA:1,0,0,1
BRDA:1,0,1,1
BRDA:7,1,0,1
BRDA:7,1,1,1
BRF:4
BRH:4
end_of_record
TN:
SF:source\schema\schema.module.ts
FN:28,(anonymous_1)
FN:48,(anonymous_2)
FNF:2
FNH:1
FNDA:0,(anonymous_1)
FNDA:1,(anonymous_2)
DA:1,1
DA:3,1
DA:5,1
DA:22,1
DA:29,0
DA:49,1
LF:6
LH:5
BRDA:48,0,0,0
BRF:1
BRH:0
end_of_record
TN:
SF:source\schema\schema.service.ts
FN:10,(anonymous_4)
FN:28,(anonymous_5)
FN:31,(anonymous_6)
FN:39,(anonymous_7)
FN:74,(anonymous_8)
FNF:5
FNH:5
FNDA:1,(anonymous_4)
FNDA:2,(anonymous_5)
FNDA:7,(anonymous_6)
FNDA:1,(anonymous_7)
FNDA:1,(anonymous_8)
DA:1,1
DA:2,1
DA:4,1
DA:8,1
DA:12,1
DA:13,1
DA:14,1
DA:16,1
DA:18,1
DA:19,0
DA:29,2
DA:30,2
DA:31,7
DA:40,1
DA:41,1
DA:43,1
DA:44,1
DA:45,1
DA:47,1
DA:48,0
DA:49,0
DA:52,1
DA:53,1
DA:54,1
DA:56,1
DA:57,1
DA:58,1
DA:61,0
DA:62,0
DA:65,1
DA:75,1
DA:77,1
DA:78,1
DA:79,1
DA:81,1
LF:35
LH:30
BRDA:12,0,0,1
BRDA:18,1,0,0
BRDA:29,2,0,2
BRDA:29,2,1,1
BRDA:39,3,0,1
BRDA:47,4,0,0
BRF:6
BRH:4
end_of_record
